2021-07-17 19:42:17.976 [restartedMain] INFO  com.learn.LearnApplication - Starting LearnApplication using Java 1.8.0_282 on DESKTOP-I2EKN4T with PID 17532 (E:\Java\learn\target\classes started by wangxl in E:\Java\learn)
2021-07-17 19:42:17.978 [restartedMain] INFO  com.learn.LearnApplication - The following profiles are active: dev
2021-07-17 19:42:19.505 [restartedMain] INFO  o.s.boot.web.embedded.tomcat.TomcatWebServer - Tomcat initialized with port(s): 8088 (http)
2021-07-17 19:42:19.514 [restartedMain] INFO  org.apache.coyote.http11.Http11NioProtocol - Initializing ProtocolHandler ["http-nio-8088"]
2021-07-17 19:42:19.515 [restartedMain] INFO  org.apache.catalina.core.StandardService - Starting service [Tomcat]
2021-07-17 19:42:19.517 [restartedMain] INFO  org.apache.catalina.core.StandardEngine - Starting Servlet engine: [Apache Tomcat/9.0.48]
2021-07-17 19:42:19.632 [restartedMain] INFO  o.a.c.core.ContainerBase.[Tomcat].[localhost].[/] - Initializing Spring embedded WebApplicationContext
2021-07-17 19:42:19.633 [restartedMain] INFO  o.s.b.w.s.c.ServletWebServerApplicationContext - Root WebApplicationContext: initialization completed in 1602 ms
2021-07-17 19:42:19.742 [restartedMain] INFO  c.a.d.s.b.a.DruidDataSourceAutoConfigure - Init DruidDataSource
2021-07-17 19:42:20.241 [restartedMain] INFO  com.alibaba.druid.pool.DruidDataSource - {dataSource-1} inited
2021-07-17 19:42:22.937 [restartedMain] INFO  o.s.b.d.autoconfigure.OptionalLiveReloadServer - LiveReload server is running on port 35729
2021-07-17 19:42:23.100 [restartedMain] INFO  org.apache.coyote.http11.Http11NioProtocol - Starting ProtocolHandler ["http-nio-8088"]
2021-07-17 19:42:23.116 [restartedMain] INFO  o.s.boot.web.embedded.tomcat.TomcatWebServer - Tomcat started on port(s): 8088 (http) with context path ''
2021-07-17 19:42:23.345 [restartedMain] INFO  com.learn.LearnApplication - Started LearnApplication in 6.027 seconds (JVM running for 8.178)
2021-07-17 19:42:29.700 [http-nio-8088-exec-1] INFO  o.a.c.core.ContainerBase.[Tomcat].[localhost].[/] - Initializing Spring DispatcherServlet 'dispatcherServlet'
2021-07-17 19:42:29.701 [http-nio-8088-exec-1] INFO  org.springframework.web.servlet.DispatcherServlet - Initializing Servlet 'dispatcherServlet'
2021-07-17 19:42:29.707 [http-nio-8088-exec-1] INFO  org.springframework.web.servlet.DispatcherServlet - Completed initialization in 6 ms
2021-07-17 19:44:57.173 [restartedMain] INFO  com.learn.LearnApplication - Starting LearnApplication using Java 1.8.0_282 on DESKTOP-I2EKN4T with PID 3528 (E:\Java\learn\target\classes started by wangxl in E:\Java\learn)
2021-07-17 19:44:57.175 [restartedMain] INFO  com.learn.LearnApplication - The following profiles are active: dev
2021-07-17 19:44:58.804 [restartedMain] INFO  o.s.boot.web.embedded.tomcat.TomcatWebServer - Tomcat initialized with port(s): 8088 (http)
2021-07-17 19:44:58.812 [restartedMain] INFO  org.apache.coyote.http11.Http11NioProtocol - Initializing ProtocolHandler ["http-nio-8088"]
2021-07-17 19:44:58.813 [restartedMain] INFO  org.apache.catalina.core.StandardService - Starting service [Tomcat]
2021-07-17 19:44:58.813 [restartedMain] INFO  org.apache.catalina.core.StandardEngine - Starting Servlet engine: [Apache Tomcat/9.0.48]
2021-07-17 19:44:58.919 [restartedMain] INFO  o.a.c.core.ContainerBase.[Tomcat].[localhost].[/] - Initializing Spring embedded WebApplicationContext
2021-07-17 19:44:58.919 [restartedMain] INFO  o.s.b.w.s.c.ServletWebServerApplicationContext - Root WebApplicationContext: initialization completed in 1686 ms
2021-07-17 19:44:59.028 [restartedMain] INFO  c.a.d.s.b.a.DruidDataSourceAutoConfigure - Init DruidDataSource
2021-07-17 19:44:59.591 [restartedMain] INFO  com.alibaba.druid.pool.DruidDataSource - {dataSource-1} inited
2021-07-17 19:45:02.358 [restartedMain] INFO  o.s.b.d.autoconfigure.OptionalLiveReloadServer - LiveReload server is running on port 35729
2021-07-17 19:45:02.522 [restartedMain] INFO  org.apache.coyote.http11.Http11NioProtocol - Starting ProtocolHandler ["http-nio-8088"]
2021-07-17 19:45:02.539 [restartedMain] INFO  o.s.boot.web.embedded.tomcat.TomcatWebServer - Tomcat started on port(s): 8088 (http) with context path ''
2021-07-17 19:45:02.772 [restartedMain] INFO  com.learn.LearnApplication - Started LearnApplication in 6.214 seconds (JVM running for 8.157)
2021-07-17 19:45:08.865 [http-nio-8088-exec-1] INFO  o.a.c.core.ContainerBase.[Tomcat].[localhost].[/] - Initializing Spring DispatcherServlet 'dispatcherServlet'
2021-07-17 19:45:08.865 [http-nio-8088-exec-1] INFO  org.springframework.web.servlet.DispatcherServlet - Initializing Servlet 'dispatcherServlet'
2021-07-17 19:45:08.870 [http-nio-8088-exec-1] INFO  org.springframework.web.servlet.DispatcherServlet - Completed initialization in 5 ms
2021-07-17 19:50:41.405 [Thread-11] INFO  com.alibaba.druid.pool.DruidDataSource - {dataSource-1} closing ...
2021-07-17 19:50:41.408 [Thread-11] INFO  com.alibaba.druid.pool.DruidDataSource - {dataSource-1} closed
2021-07-17 19:50:41.573 [restartedMain] INFO  com.learn.LearnApplication - Starting LearnApplication using Java 1.8.0_282 on DESKTOP-I2EKN4T with PID 3528 (E:\Java\learn\target\classes started by wangxl in E:\Java\learn)
2021-07-17 19:50:41.573 [restartedMain] INFO  com.learn.LearnApplication - The following profiles are active: dev
2021-07-17 19:50:42.082 [restartedMain] INFO  o.s.boot.web.embedded.tomcat.TomcatWebServer - Tomcat initialized with port(s): 8088 (http)
2021-07-17 19:50:42.083 [restartedMain] INFO  org.apache.coyote.http11.Http11NioProtocol - Initializing ProtocolHandler ["http-nio-8088"]
2021-07-17 19:50:42.083 [restartedMain] INFO  org.apache.catalina.core.StandardService - Starting service [Tomcat]
2021-07-17 19:50:42.084 [restartedMain] INFO  org.apache.catalina.core.StandardEngine - Starting Servlet engine: [Apache Tomcat/9.0.48]
2021-07-17 19:50:42.119 [restartedMain] INFO  o.a.c.core.ContainerBase.[Tomcat].[localhost].[/] - Initializing Spring embedded WebApplicationContext
2021-07-17 19:50:42.119 [restartedMain] INFO  o.s.b.w.s.c.ServletWebServerApplicationContext - Root WebApplicationContext: initialization completed in 543 ms
2021-07-17 19:50:42.163 [restartedMain] INFO  c.a.d.s.b.a.DruidDataSourceAutoConfigure - Init DruidDataSource
2021-07-17 19:50:42.293 [restartedMain] INFO  com.alibaba.druid.pool.DruidDataSource - {dataSource-2} inited
2021-07-17 19:50:43.451 [restartedMain] INFO  o.s.b.d.autoconfigure.OptionalLiveReloadServer - LiveReload server is running on port 35729
2021-07-17 19:50:43.508 [restartedMain] INFO  org.apache.coyote.http11.Http11NioProtocol - Starting ProtocolHandler ["http-nio-8088"]
2021-07-17 19:50:43.510 [restartedMain] INFO  o.s.boot.web.embedded.tomcat.TomcatWebServer - Tomcat started on port(s): 8088 (http) with context path ''
2021-07-17 19:50:43.582 [restartedMain] INFO  com.learn.LearnApplication - Started LearnApplication in 2.062 seconds (JVM running for 348.967)
2021-07-17 19:50:43.584 [restartedMain] INFO  o.s.b.d.a.ConditionEvaluationDeltaLoggingListener - Condition evaluation unchanged
2021-07-17 19:52:05.968 [Thread-19] INFO  com.alibaba.druid.pool.DruidDataSource - {dataSource-2} closing ...
2021-07-17 19:52:05.975 [Thread-19] INFO  com.alibaba.druid.pool.DruidDataSource - {dataSource-2} closed
2021-07-17 19:52:06.185 [restartedMain] INFO  com.learn.LearnApplication - Starting LearnApplication using Java 1.8.0_282 on DESKTOP-I2EKN4T with PID 3528 (E:\Java\learn\target\classes started by wangxl in E:\Java\learn)
2021-07-17 19:52:06.186 [restartedMain] INFO  com.learn.LearnApplication - The following profiles are active: dev
2021-07-17 19:52:06.828 [restartedMain] INFO  o.s.boot.web.embedded.tomcat.TomcatWebServer - Tomcat initialized with port(s): 8088 (http)
2021-07-17 19:52:06.828 [restartedMain] INFO  org.apache.coyote.http11.Http11NioProtocol - Initializing ProtocolHandler ["http-nio-8088"]
2021-07-17 19:52:06.828 [restartedMain] INFO  org.apache.catalina.core.StandardService - Starting service [Tomcat]
2021-07-17 19:52:06.829 [restartedMain] INFO  org.apache.catalina.core.StandardEngine - Starting Servlet engine: [Apache Tomcat/9.0.48]
2021-07-17 19:52:06.855 [restartedMain] INFO  o.a.c.core.ContainerBase.[Tomcat].[localhost].[/] - Initializing Spring embedded WebApplicationContext
2021-07-17 19:52:06.855 [restartedMain] INFO  o.s.b.w.s.c.ServletWebServerApplicationContext - Root WebApplicationContext: initialization completed in 664 ms
2021-07-17 19:52:06.876 [restartedMain] INFO  c.a.d.s.b.a.DruidDataSourceAutoConfigure - Init DruidDataSource
2021-07-17 19:52:06.993 [restartedMain] INFO  com.alibaba.druid.pool.DruidDataSource - {dataSource-3} inited
2021-07-17 19:52:08.253 [restartedMain] INFO  o.s.b.d.autoconfigure.OptionalLiveReloadServer - LiveReload server is running on port 35729
2021-07-17 19:52:08.309 [restartedMain] INFO  org.apache.coyote.http11.Http11NioProtocol - Starting ProtocolHandler ["http-nio-8088"]
2021-07-17 19:52:08.312 [restartedMain] INFO  o.s.boot.web.embedded.tomcat.TomcatWebServer - Tomcat started on port(s): 8088 (http) with context path ''
2021-07-17 19:52:08.371 [restartedMain] INFO  com.learn.LearnApplication - Started LearnApplication in 2.299 seconds (JVM running for 433.755)
2021-07-17 19:52:08.372 [restartedMain] INFO  o.s.b.d.a.ConditionEvaluationDeltaLoggingListener - Condition evaluation unchanged
2021-07-17 19:54:37.832 [restartedMain] INFO  com.learn.LearnApplication - Starting LearnApplication using Java 1.8.0_282 on DESKTOP-I2EKN4T with PID 13396 (E:\Java\learn\target\classes started by wangxl in E:\Java\learn)
2021-07-17 19:54:37.835 [restartedMain] INFO  com.learn.LearnApplication - The following profiles are active: dev
2021-07-17 19:54:39.319 [restartedMain] INFO  o.s.boot.web.embedded.tomcat.TomcatWebServer - Tomcat initialized with port(s): 8088 (http)
2021-07-17 19:54:39.328 [restartedMain] INFO  org.apache.coyote.http11.Http11NioProtocol - Initializing ProtocolHandler ["http-nio-8088"]
2021-07-17 19:54:39.328 [restartedMain] INFO  org.apache.catalina.core.StandardService - Starting service [Tomcat]
2021-07-17 19:54:39.328 [restartedMain] INFO  org.apache.catalina.core.StandardEngine - Starting Servlet engine: [Apache Tomcat/9.0.48]
2021-07-17 19:54:39.438 [restartedMain] INFO  o.a.c.core.ContainerBase.[Tomcat].[localhost].[/] - Initializing Spring embedded WebApplicationContext
2021-07-17 19:54:39.438 [restartedMain] INFO  o.s.b.w.s.c.ServletWebServerApplicationContext - Root WebApplicationContext: initialization completed in 1538 ms
2021-07-17 19:54:39.545 [restartedMain] INFO  c.a.d.s.b.a.DruidDataSourceAutoConfigure - Init DruidDataSource
2021-07-17 19:54:40.066 [restartedMain] INFO  com.alibaba.druid.pool.DruidDataSource - {dataSource-1} inited
2021-07-17 19:54:40.074 [restartedMain] INFO  org.apache.catalina.core.StandardService - Stopping service [Tomcat]
2021-07-17 19:54:40.094 [restartedMain] INFO  o.s.b.a.l.ConditionEvaluationReportLoggingListener - 

Error starting ApplicationContext. To display the conditions report re-run your application with 'debug' enabled.
2021-07-17 19:54:40.129 [Druid-ConnectionPool-Create-1155728837] INFO  com.alibaba.druid.pool.DruidAbstractDataSource - {dataSource-1} failContinuous is true
2021-07-17 19:55:24.364 [restartedMain] INFO  com.learn.LearnApplication - Starting LearnApplication using Java 1.8.0_282 on DESKTOP-I2EKN4T with PID 18104 (E:\Java\learn\target\classes started by wangxl in E:\Java\learn)
2021-07-17 19:55:24.367 [restartedMain] INFO  com.learn.LearnApplication - The following profiles are active: dev
2021-07-17 19:55:25.887 [restartedMain] INFO  o.s.boot.web.embedded.tomcat.TomcatWebServer - Tomcat initialized with port(s): 8088 (http)
2021-07-17 19:55:25.895 [restartedMain] INFO  org.apache.coyote.http11.Http11NioProtocol - Initializing ProtocolHandler ["http-nio-8088"]
2021-07-17 19:55:25.895 [restartedMain] INFO  org.apache.catalina.core.StandardService - Starting service [Tomcat]
2021-07-17 19:55:25.896 [restartedMain] INFO  org.apache.catalina.core.StandardEngine - Starting Servlet engine: [Apache Tomcat/9.0.48]
2021-07-17 19:55:26.002 [restartedMain] INFO  o.a.c.core.ContainerBase.[Tomcat].[localhost].[/] - Initializing Spring embedded WebApplicationContext
2021-07-17 19:55:26.002 [restartedMain] INFO  o.s.b.w.s.c.ServletWebServerApplicationContext - Root WebApplicationContext: initialization completed in 1563 ms
2021-07-17 19:55:26.112 [restartedMain] INFO  c.a.d.s.b.a.DruidDataSourceAutoConfigure - Init DruidDataSource
2021-07-17 19:55:26.601 [restartedMain] INFO  com.alibaba.druid.pool.DruidDataSource - {dataSource-1} inited
2021-07-17 19:55:26.607 [restartedMain] INFO  org.apache.catalina.core.StandardService - Stopping service [Tomcat]
2021-07-17 19:55:26.623 [restartedMain] INFO  o.s.b.a.l.ConditionEvaluationReportLoggingListener - 

Error starting ApplicationContext. To display the conditions report re-run your application with 'debug' enabled.
2021-07-17 19:55:26.655 [Druid-ConnectionPool-Create-2026831904] INFO  com.alibaba.druid.pool.DruidAbstractDataSource - {dataSource-1} failContinuous is true
2021-07-17 19:56:55.567 [restartedMain] INFO  com.learn.LearnApplication - Starting LearnApplication using Java 1.8.0_282 on DESKTOP-I2EKN4T with PID 17084 (E:\Java\learn\target\classes started by wangxl in E:\Java\learn)
2021-07-17 19:56:55.570 [restartedMain] INFO  com.learn.LearnApplication - The following profiles are active: dev
2021-07-17 19:56:57.107 [restartedMain] INFO  o.s.boot.web.embedded.tomcat.TomcatWebServer - Tomcat initialized with port(s): 8088 (http)
2021-07-17 19:56:57.117 [restartedMain] INFO  org.apache.coyote.http11.Http11NioProtocol - Initializing ProtocolHandler ["http-nio-8088"]
2021-07-17 19:56:57.118 [restartedMain] INFO  org.apache.catalina.core.StandardService - Starting service [Tomcat]
2021-07-17 19:56:57.118 [restartedMain] INFO  org.apache.catalina.core.StandardEngine - Starting Servlet engine: [Apache Tomcat/9.0.48]
2021-07-17 19:56:57.234 [restartedMain] INFO  o.a.c.core.ContainerBase.[Tomcat].[localhost].[/] - Initializing Spring embedded WebApplicationContext
2021-07-17 19:56:57.234 [restartedMain] INFO  o.s.b.w.s.c.ServletWebServerApplicationContext - Root WebApplicationContext: initialization completed in 1606 ms
2021-07-17 19:56:57.354 [restartedMain] INFO  c.a.d.s.b.a.DruidDataSourceAutoConfigure - Init DruidDataSource
2021-07-17 19:56:57.904 [restartedMain] INFO  com.alibaba.druid.pool.DruidDataSource - {dataSource-1} inited
2021-07-17 19:56:57.911 [restartedMain] INFO  org.apache.catalina.core.StandardService - Stopping service [Tomcat]
2021-07-17 19:56:57.929 [restartedMain] INFO  o.s.b.a.l.ConditionEvaluationReportLoggingListener - 

Error starting ApplicationContext. To display the conditions report re-run your application with 'debug' enabled.
2021-07-17 19:56:57.963 [Druid-ConnectionPool-Create-1270970086] INFO  com.alibaba.druid.pool.DruidAbstractDataSource - {dataSource-1} failContinuous is true
2021-07-17 19:57:09.299 [restartedMain] INFO  com.learn.LearnApplication - Starting LearnApplication using Java 1.8.0_282 on DESKTOP-I2EKN4T with PID 848 (E:\Java\learn\target\classes started by wangxl in E:\Java\learn)
2021-07-17 19:57:09.301 [restartedMain] INFO  com.learn.LearnApplication - The following profiles are active: dev
2021-07-17 19:57:10.859 [restartedMain] INFO  o.s.boot.web.embedded.tomcat.TomcatWebServer - Tomcat initialized with port(s): 8088 (http)
2021-07-17 19:57:10.868 [restartedMain] INFO  org.apache.coyote.http11.Http11NioProtocol - Initializing ProtocolHandler ["http-nio-8088"]
2021-07-17 19:57:10.869 [restartedMain] INFO  org.apache.catalina.core.StandardService - Starting service [Tomcat]
2021-07-17 19:57:10.869 [restartedMain] INFO  org.apache.catalina.core.StandardEngine - Starting Servlet engine: [Apache Tomcat/9.0.48]
2021-07-17 19:57:10.981 [restartedMain] INFO  o.a.c.core.ContainerBase.[Tomcat].[localhost].[/] - Initializing Spring embedded WebApplicationContext
2021-07-17 19:57:10.982 [restartedMain] INFO  o.s.b.w.s.c.ServletWebServerApplicationContext - Root WebApplicationContext: initialization completed in 1626 ms
2021-07-17 19:57:11.091 [restartedMain] INFO  c.a.d.s.b.a.DruidDataSourceAutoConfigure - Init DruidDataSource
2021-07-17 19:57:11.768 [restartedMain] INFO  com.alibaba.druid.pool.DruidDataSource - {dataSource-1} inited
2021-07-17 19:57:14.417 [restartedMain] INFO  o.s.b.d.autoconfigure.OptionalLiveReloadServer - LiveReload server is running on port 35729
2021-07-17 19:57:14.592 [restartedMain] INFO  org.apache.coyote.http11.Http11NioProtocol - Starting ProtocolHandler ["http-nio-8088"]
2021-07-17 19:57:14.607 [restartedMain] INFO  o.s.boot.web.embedded.tomcat.TomcatWebServer - Tomcat started on port(s): 8088 (http) with context path ''
2021-07-17 19:57:14.836 [restartedMain] INFO  com.learn.LearnApplication - Started LearnApplication in 6.134 seconds (JVM running for 8.105)
2021-07-17 20:07:08.304 [restartedMain] INFO  com.learn.LearnApplication - Starting LearnApplication using Java 1.8.0_282 on DESKTOP-I2EKN4T with PID 18116 (E:\Java\learn\target\classes started by wangxl in E:\Java\learn)
2021-07-17 20:07:08.307 [restartedMain] INFO  com.learn.LearnApplication - The following profiles are active: dev
2021-07-17 20:07:11.439 [restartedMain] INFO  o.s.boot.web.embedded.tomcat.TomcatWebServer - Tomcat initialized with port(s): 8088 (http)
2021-07-17 20:07:11.455 [restartedMain] INFO  org.apache.coyote.http11.Http11NioProtocol - Initializing ProtocolHandler ["http-nio-8088"]
2021-07-17 20:07:11.457 [restartedMain] INFO  org.apache.catalina.core.StandardService - Starting service [Tomcat]
2021-07-17 20:07:11.457 [restartedMain] INFO  org.apache.catalina.core.StandardEngine - Starting Servlet engine: [Apache Tomcat/9.0.48]
2021-07-17 20:07:11.609 [restartedMain] INFO  o.a.c.core.ContainerBase.[Tomcat].[localhost].[/] - Initializing Spring embedded WebApplicationContext
2021-07-17 20:07:11.609 [restartedMain] INFO  o.s.b.w.s.c.ServletWebServerApplicationContext - Root WebApplicationContext: initialization completed in 3194 ms
2021-07-17 20:07:11.913 [restartedMain] INFO  c.a.d.s.b.a.DruidDataSourceAutoConfigure - Init DruidDataSource
2021-07-17 20:07:13.156 [restartedMain] INFO  com.alibaba.druid.pool.DruidDataSource - {dataSource-1} inited
2021-07-17 20:07:15.878 [restartedMain] INFO  o.s.b.d.autoconfigure.OptionalLiveReloadServer - LiveReload server is running on port 35729
2021-07-17 20:07:16.082 [restartedMain] INFO  org.apache.coyote.http11.Http11NioProtocol - Starting ProtocolHandler ["http-nio-8088"]
2021-07-17 20:07:16.100 [restartedMain] INFO  o.s.boot.web.embedded.tomcat.TomcatWebServer - Tomcat started on port(s): 8088 (http) with context path ''
2021-07-17 20:07:16.377 [restartedMain] INFO  com.learn.LearnApplication - Started LearnApplication in 8.99 seconds (JVM running for 11.222)
2021-07-17 20:07:47.125 [http-nio-8088-exec-1] INFO  o.a.c.core.ContainerBase.[Tomcat].[localhost].[/] - Initializing Spring DispatcherServlet 'dispatcherServlet'
2021-07-17 20:07:47.125 [http-nio-8088-exec-1] INFO  org.springframework.web.servlet.DispatcherServlet - Initializing Servlet 'dispatcherServlet'
2021-07-17 20:07:47.128 [http-nio-8088-exec-1] INFO  org.springframework.web.servlet.DispatcherServlet - Completed initialization in 3 ms
2021-07-17 23:08:03.339 [Thread-20] INFO  com.alibaba.druid.pool.DruidDataSource - {dataSource-1} closing ...
2021-07-17 23:08:03.456 [Thread-20] INFO  com.alibaba.druid.pool.DruidDataSource - {dataSource-1} closed
2021-07-17 23:08:04.093 [restartedMain] INFO  com.learn.LearnApplication - Starting LearnApplication using Java 1.8.0_282 on DESKTOP-I2EKN4T with PID 18116 (E:\Java\learn\target\classes started by wangxl in E:\Java\learn)
2021-07-17 23:08:04.096 [restartedMain] INFO  com.learn.LearnApplication - The following profiles are active: dev
2021-07-17 23:08:04.852 [restartedMain] INFO  o.s.boot.web.embedded.tomcat.TomcatWebServer - Tomcat initialized with port(s): 8088 (http)
2021-07-17 23:08:04.853 [restartedMain] INFO  org.apache.coyote.http11.Http11NioProtocol - Initializing ProtocolHandler ["http-nio-8088"]
2021-07-17 23:08:04.853 [restartedMain] INFO  org.apache.catalina.core.StandardService - Starting service [Tomcat]
2021-07-17 23:08:04.853 [restartedMain] INFO  org.apache.catalina.core.StandardEngine - Starting Servlet engine: [Apache Tomcat/9.0.48]
2021-07-17 23:08:04.882 [restartedMain] INFO  o.a.c.core.ContainerBase.[Tomcat].[localhost].[/] - Initializing Spring embedded WebApplicationContext
2021-07-17 23:08:04.882 [restartedMain] INFO  o.s.b.w.s.c.ServletWebServerApplicationContext - Root WebApplicationContext: initialization completed in 779 ms
2021-07-17 23:08:04.907 [restartedMain] INFO  c.a.d.s.b.a.DruidDataSourceAutoConfigure - Init DruidDataSource
2021-07-17 23:08:05.161 [restartedMain] INFO  com.alibaba.druid.pool.DruidDataSource - {dataSource-2} inited
2021-07-17 23:08:06.359 [restartedMain] INFO  o.s.b.d.autoconfigure.OptionalLiveReloadServer - LiveReload server is running on port 35729
2021-07-17 23:08:06.439 [restartedMain] INFO  org.apache.coyote.http11.Http11NioProtocol - Starting ProtocolHandler ["http-nio-8088"]
2021-07-17 23:08:06.442 [restartedMain] INFO  o.s.boot.web.embedded.tomcat.TomcatWebServer - Tomcat started on port(s): 8088 (http) with context path ''
2021-07-17 23:08:06.549 [restartedMain] INFO  com.learn.LearnApplication - Started LearnApplication in 2.554 seconds (JVM running for 10861.394)
2021-07-17 23:08:06.552 [restartedMain] INFO  o.s.b.d.a.ConditionEvaluationDeltaLoggingListener - Condition evaluation unchanged
2021-07-17 23:08:08.611 [Thread-28] INFO  com.alibaba.druid.pool.DruidDataSource - {dataSource-2} closing ...
2021-07-17 23:08:08.617 [Thread-28] INFO  com.alibaba.druid.pool.DruidDataSource - {dataSource-2} closed
2021-07-17 23:08:08.760 [restartedMain] INFO  com.learn.LearnApplication - Starting LearnApplication using Java 1.8.0_282 on DESKTOP-I2EKN4T with PID 18116 (E:\Java\learn\target\classes started by wangxl in E:\Java\learn)
2021-07-17 23:08:08.761 [restartedMain] INFO  com.learn.LearnApplication - The following profiles are active: dev
2021-07-17 23:08:09.161 [restartedMain] INFO  o.s.boot.web.embedded.tomcat.TomcatWebServer - Tomcat initialized with port(s): 8088 (http)
2021-07-17 23:08:09.161 [restartedMain] INFO  org.apache.coyote.http11.Http11NioProtocol - Initializing ProtocolHandler ["http-nio-8088"]
2021-07-17 23:08:09.161 [restartedMain] INFO  org.apache.catalina.core.StandardService - Starting service [Tomcat]
2021-07-17 23:08:09.161 [restartedMain] INFO  org.apache.catalina.core.StandardEngine - Starting Servlet engine: [Apache Tomcat/9.0.48]
2021-07-17 23:08:09.186 [restartedMain] INFO  o.a.c.core.ContainerBase.[Tomcat].[localhost].[/] - Initializing Spring embedded WebApplicationContext
2021-07-17 23:08:09.186 [restartedMain] INFO  o.s.b.w.s.c.ServletWebServerApplicationContext - Root WebApplicationContext: initialization completed in 423 ms
2021-07-17 23:08:09.205 [restartedMain] INFO  c.a.d.s.b.a.DruidDataSourceAutoConfigure - Init DruidDataSource
2021-07-17 23:08:09.312 [restartedMain] INFO  com.alibaba.druid.pool.DruidDataSource - {dataSource-3} inited
2021-07-17 23:08:10.211 [restartedMain] INFO  o.s.b.d.autoconfigure.OptionalLiveReloadServer - LiveReload server is running on port 35729
2021-07-17 23:08:10.293 [restartedMain] INFO  org.apache.coyote.http11.Http11NioProtocol - Starting ProtocolHandler ["http-nio-8088"]
2021-07-17 23:08:10.294 [restartedMain] INFO  o.s.boot.web.embedded.tomcat.TomcatWebServer - Tomcat started on port(s): 8088 (http) with context path ''
2021-07-17 23:08:10.387 [restartedMain] INFO  com.learn.LearnApplication - Started LearnApplication in 1.674 seconds (JVM running for 10865.233)
2021-07-17 23:08:10.390 [restartedMain] INFO  o.s.b.d.a.ConditionEvaluationDeltaLoggingListener - Condition evaluation unchanged
2021-07-17 23:10:22.805 [Thread-32] INFO  com.alibaba.druid.pool.DruidDataSource - {dataSource-3} closing ...
2021-07-17 23:10:22.812 [Thread-32] INFO  com.alibaba.druid.pool.DruidDataSource - {dataSource-3} closed
2021-07-17 23:10:22.964 [restartedMain] INFO  com.learn.LearnApplication - Starting LearnApplication using Java 1.8.0_282 on DESKTOP-I2EKN4T with PID 18116 (E:\Java\learn\target\classes started by wangxl in E:\Java\learn)
2021-07-17 23:10:22.964 [restartedMain] INFO  com.learn.LearnApplication - The following profiles are active: dev
2021-07-17 23:10:23.536 [restartedMain] INFO  o.s.boot.web.embedded.tomcat.TomcatWebServer - Tomcat initialized with port(s): 8088 (http)
2021-07-17 23:10:23.537 [restartedMain] INFO  org.apache.coyote.http11.Http11NioProtocol - Initializing ProtocolHandler ["http-nio-8088"]
2021-07-17 23:10:23.537 [restartedMain] INFO  org.apache.catalina.core.StandardService - Starting service [Tomcat]
2021-07-17 23:10:23.537 [restartedMain] INFO  org.apache.catalina.core.StandardEngine - Starting Servlet engine: [Apache Tomcat/9.0.48]
2021-07-17 23:10:23.563 [restartedMain] INFO  o.a.c.core.ContainerBase.[Tomcat].[localhost].[/] - Initializing Spring embedded WebApplicationContext
2021-07-17 23:10:23.563 [restartedMain] INFO  o.s.b.w.s.c.ServletWebServerApplicationContext - Root WebApplicationContext: initialization completed in 595 ms
2021-07-17 23:10:23.582 [restartedMain] INFO  c.a.d.s.b.a.DruidDataSourceAutoConfigure - Init DruidDataSource
2021-07-17 23:10:23.685 [restartedMain] INFO  com.alibaba.druid.pool.DruidDataSource - {dataSource-4} inited
2021-07-17 23:10:24.485 [restartedMain] INFO  o.s.b.d.autoconfigure.OptionalLiveReloadServer - LiveReload server is running on port 35729
2021-07-17 23:10:24.543 [restartedMain] INFO  org.apache.coyote.http11.Http11NioProtocol - Starting ProtocolHandler ["http-nio-8088"]
2021-07-17 23:10:24.546 [restartedMain] INFO  o.s.boot.web.embedded.tomcat.TomcatWebServer - Tomcat started on port(s): 8088 (http) with context path ''
2021-07-17 23:10:24.604 [restartedMain] INFO  com.learn.LearnApplication - Started LearnApplication in 1.692 seconds (JVM running for 10999.449)
2021-07-17 23:10:24.605 [restartedMain] INFO  o.s.b.d.a.ConditionEvaluationDeltaLoggingListener - Condition evaluation unchanged
2021-07-17 23:11:59.479 [restartedMain] INFO  com.learn.LearnApplication - Starting LearnApplication using Java 1.8.0_282 on DESKTOP-I2EKN4T with PID 17928 (E:\Java\learn\target\classes started by wangxl in E:\Java\learn)
2021-07-17 23:11:59.482 [restartedMain] INFO  com.learn.LearnApplication - The following profiles are active: activiti
2021-07-17 23:11:59.535 [restartedMain] INFO  o.s.boot.devtools.restart.ChangeableUrls - The Class-Path manifest attribute in E:\resource\xalan\xalan\2.7.2\xalan-2.7.2.jar referenced one or more files that do not exist: file:/E:/resource/xalan/xalan/2.7.2/xercesImpl.jar,file:/E:/resource/xalan/xalan/2.7.2/xml-apis.jar,file:/E:/resource/xalan/xalan/2.7.2/serializer.jar
2021-07-17 23:11:59.536 [restartedMain] INFO  o.s.boot.devtools.restart.ChangeableUrls - The Class-Path manifest attribute in E:\resource\xalan\serializer\2.7.2\serializer-2.7.2.jar referenced one or more files that do not exist: file:/E:/resource/xalan/serializer/2.7.2/xml-apis.jar
2021-07-17 23:12:01.703 [restartedMain] INFO  o.s.boot.web.embedded.tomcat.TomcatWebServer - Tomcat initialized with port(s): 8088 (http)
2021-07-17 23:12:01.714 [restartedMain] INFO  org.apache.coyote.http11.Http11NioProtocol - Initializing ProtocolHandler ["http-nio-8088"]
2021-07-17 23:12:01.714 [restartedMain] INFO  org.apache.catalina.core.StandardService - Starting service [Tomcat]
2021-07-17 23:12:01.715 [restartedMain] INFO  org.apache.catalina.core.StandardEngine - Starting Servlet engine: [Apache Tomcat/9.0.48]
2021-07-17 23:12:01.856 [restartedMain] INFO  o.a.c.core.ContainerBase.[Tomcat].[localhost].[/] - Initializing Spring embedded WebApplicationContext
2021-07-17 23:12:01.856 [restartedMain] INFO  o.s.b.w.s.c.ServletWebServerApplicationContext - Root WebApplicationContext: initialization completed in 2320 ms
2021-07-17 23:12:02.021 [restartedMain] INFO  c.a.d.s.b.a.DruidDataSourceAutoConfigure - Init DruidDataSource
2021-07-17 23:12:02.939 [restartedMain] INFO  com.alibaba.druid.pool.DruidDataSource - {dataSource-1} inited
2021-07-17 23:12:03.153 [restartedMain] INFO  com.alibaba.druid.pool.DruidDataSource - {dataSource-1} closing ...
2021-07-17 23:12:03.159 [restartedMain] INFO  com.alibaba.druid.pool.DruidDataSource - {dataSource-1} closed
2021-07-17 23:12:03.162 [restartedMain] INFO  org.apache.catalina.core.StandardService - Stopping service [Tomcat]
2021-07-17 23:12:03.180 [restartedMain] INFO  o.s.b.a.l.ConditionEvaluationReportLoggingListener - 

Error starting ApplicationContext. To display the conditions report re-run your application with 'debug' enabled.
2021-07-17 23:15:00.792 [restartedMain] INFO  com.learn.LearnApplication - Starting LearnApplication using Java 1.8.0_282 on DESKTOP-I2EKN4T with PID 3528 (E:\Java\learn\target\classes started by wangxl in E:\Java\learn)
2021-07-17 23:15:00.794 [restartedMain] INFO  com.learn.LearnApplication - The following profiles are active: activiti
2021-07-17 23:15:00.847 [restartedMain] INFO  o.s.boot.devtools.restart.ChangeableUrls - The Class-Path manifest attribute in E:\resource\xalan\xalan\2.7.2\xalan-2.7.2.jar referenced one or more files that do not exist: file:/E:/resource/xalan/xalan/2.7.2/xercesImpl.jar,file:/E:/resource/xalan/xalan/2.7.2/xml-apis.jar,file:/E:/resource/xalan/xalan/2.7.2/serializer.jar
2021-07-17 23:15:00.847 [restartedMain] INFO  o.s.boot.devtools.restart.ChangeableUrls - The Class-Path manifest attribute in E:\resource\xalan\serializer\2.7.2\serializer-2.7.2.jar referenced one or more files that do not exist: file:/E:/resource/xalan/serializer/2.7.2/xml-apis.jar
2021-07-17 23:15:02.872 [restartedMain] INFO  o.s.boot.web.embedded.tomcat.TomcatWebServer - Tomcat initialized with port(s): 8088 (http)
2021-07-17 23:15:02.883 [restartedMain] INFO  org.apache.coyote.http11.Http11NioProtocol - Initializing ProtocolHandler ["http-nio-8088"]
2021-07-17 23:15:02.884 [restartedMain] INFO  org.apache.catalina.core.StandardService - Starting service [Tomcat]
2021-07-17 23:15:02.884 [restartedMain] INFO  org.apache.catalina.core.StandardEngine - Starting Servlet engine: [Apache Tomcat/9.0.48]
2021-07-17 23:15:03.015 [restartedMain] INFO  o.a.c.core.ContainerBase.[Tomcat].[localhost].[/] - Initializing Spring embedded WebApplicationContext
2021-07-17 23:15:03.015 [restartedMain] INFO  o.s.b.w.s.c.ServletWebServerApplicationContext - Root WebApplicationContext: initialization completed in 2167 ms
2021-07-17 23:15:03.169 [restartedMain] INFO  c.a.d.s.b.a.DruidDataSourceAutoConfigure - Init DruidDataSource
2021-07-17 23:15:03.884 [restartedMain] INFO  com.alibaba.druid.pool.DruidDataSource - {dataSource-1} inited
2021-07-17 23:15:05.867 [restartedMain] INFO  com.alibaba.druid.pool.DruidDataSource - {dataSource-1} closing ...
2021-07-17 23:15:05.874 [restartedMain] INFO  com.alibaba.druid.pool.DruidDataSource - {dataSource-1} closed
2021-07-17 23:15:05.877 [restartedMain] INFO  org.apache.catalina.core.StandardService - Stopping service [Tomcat]
2021-07-17 23:15:05.893 [restartedMain] INFO  o.s.b.a.l.ConditionEvaluationReportLoggingListener - 

Error starting ApplicationContext. To display the conditions report re-run your application with 'debug' enabled.
2021-07-17 23:42:19.936 [main] INFO  com.learn.activiti.Demo01 - Starting Demo01 using Java 1.8.0_282 on DESKTOP-I2EKN4T with PID 18968 (started by wangxl in E:\Java\learn)
2021-07-17 23:42:19.938 [main] INFO  com.learn.activiti.Demo01 - The following profiles are active: activiti
2021-07-17 23:42:22.258 [main] INFO  c.a.d.s.b.a.DruidDataSourceAutoConfigure - Init DruidDataSource
2021-07-17 23:42:23.752 [main] INFO  com.alibaba.druid.pool.DruidDataSource - {dataSource-1} inited
2021-07-17 23:42:25.744 [main] INFO  com.learn.config.ActivitiConfiguration - > Registering new user: salaboy with the following Authorities[[ROLE_ACTIVITI_USER, GROUP_activitiTeam]]
2021-07-17 23:42:25.860 [main] INFO  com.learn.config.ActivitiConfiguration - > Registering new user: ryandawsonuk with the following Authorities[[ROLE_ACTIVITI_USER, GROUP_activitiTeam]]
2021-07-17 23:42:25.934 [main] INFO  com.learn.config.ActivitiConfiguration - > Registering new user: erdemedeiros with the following Authorities[[ROLE_ACTIVITI_USER, GROUP_activitiTeam]]
2021-07-17 23:42:26.009 [main] INFO  com.learn.config.ActivitiConfiguration - > Registering new user: other with the following Authorities[[ROLE_ACTIVITI_USER, GROUP_otherTeam]]
2021-07-17 23:42:26.084 [main] INFO  com.learn.config.ActivitiConfiguration - > Registering new user: admin with the following Authorities[[ROLE_ACTIVITI_ADMIN]]
2021-07-17 23:42:29.174 [main] INFO  org.activiti.spring.resources.ResourceFinder - No process definitions were found for auto-deployment in the location `classpath*:**/processes/`
2021-07-17 23:42:29.846 [main] INFO  org.activiti.spring.resources.ResourceFinder - No process extensions were found for auto-deployment in the location 'classpath*:**/processes/'
2021-07-17 23:42:30.580 [main] INFO  o.a.engine.impl.cfg.ProcessEngineConfigurationImpl - Found 1 Process Engine Configurators in total:
2021-07-17 23:42:30.583 [main] INFO  o.a.engine.impl.cfg.ProcessEngineConfigurationImpl - class org.activiti.spring.process.conf.ProcessExtensionsConfiguratorAutoConfiguration$$EnhancerBySpringCGLIB$$e6eb1288 (priority:10000)
2021-07-17 23:42:30.583 [main] INFO  o.a.engine.impl.cfg.ProcessEngineConfigurationImpl - Executing beforeInit() of class org.activiti.spring.process.conf.ProcessExtensionsConfiguratorAutoConfiguration$$EnhancerBySpringCGLIB$$e6eb1288 (priority:10000)
2021-07-17 23:42:31.487 [main] INFO  o.a.engine.impl.cfg.ProcessEngineConfigurationImpl - Executing configure() of class org.activiti.spring.process.conf.ProcessExtensionsConfiguratorAutoConfiguration$$EnhancerBySpringCGLIB$$e6eb1288 (priority:10000)
2021-07-17 23:42:31.565 [main] INFO  org.activiti.engine.impl.db.DbSqlSession - performing create on engine with resource org/activiti/db/create/activiti.mysql.create.engine.sql
2021-07-17 23:42:31.566 [main] INFO  org.activiti.engine.impl.db.DbSqlSession - Found MySQL: majorVersion=8 minorVersion=0
2021-07-17 23:42:34.826 [main] INFO  org.activiti.engine.impl.ProcessEngineImpl - ProcessEngine default created
2021-07-17 23:42:34.827 [main] INFO  o.a.e.impl.asyncexecutor.DefaultAsyncJobExecutor - Starting up the default async job executor [org.activiti.spring.SpringAsyncExecutor].
2021-07-17 23:42:34.828 [Thread-4] INFO  o.a.e.impl.asyncexecutor.AcquireTimerJobsRunnable - {} starting to acquire async jobs due
2021-07-17 23:42:34.829 [Thread-5] INFO  o.a.e.impl.asyncexecutor.ResetExpiredJobsRunnable - {} starting to reset expired jobs
2021-07-17 23:42:34.828 [Thread-3] INFO  o.a.e.i.asyncexecutor.AcquireAsyncJobsDueRunnable - {} starting to acquire async jobs due
2021-07-17 23:42:35.107 [main] INFO  o.a.e.impl.asyncexecutor.DefaultAsyncJobExecutor - Shutting down the default async job executor [org.activiti.spring.SpringAsyncExecutor].
2021-07-17 23:42:35.107 [activiti-reset-expired-jobs] INFO  o.a.e.impl.asyncexecutor.ResetExpiredJobsRunnable - {} stopped resetting expired jobs
2021-07-17 23:42:35.108 [activiti-acquire-timer-jobs] INFO  o.a.e.impl.asyncexecutor.AcquireTimerJobsRunnable - {} stopped async job due acquisition
2021-07-17 23:42:35.108 [activiti-acquire-async-jobs] INFO  o.a.e.i.asyncexecutor.AcquireAsyncJobsDueRunnable - {} stopped async job due acquisition
2021-07-17 23:42:35.111 [main] INFO  com.alibaba.druid.pool.DruidDataSource - {dataSource-1} closing ...
2021-07-17 23:42:35.118 [main] INFO  com.alibaba.druid.pool.DruidDataSource - {dataSource-1} closed
2021-07-17 23:42:35.136 [main] INFO  o.s.b.a.l.ConditionEvaluationReportLoggingListener - 

Error starting ApplicationContext. To display the conditions report re-run your application with 'debug' enabled.
2021-07-17 23:44:17.502 [main] INFO  com.learn.activiti.Demo01 - Starting Demo01 using Java 1.8.0_282 on DESKTOP-I2EKN4T with PID 14112 (started by wangxl in E:\Java\learn)
2021-07-17 23:44:17.503 [main] INFO  com.learn.activiti.Demo01 - The following profiles are active: activiti
2021-07-17 23:44:20.214 [main] INFO  c.a.d.s.b.a.DruidDataSourceAutoConfigure - Init DruidDataSource
2021-07-17 23:44:21.848 [main] INFO  com.alibaba.druid.pool.DruidDataSource - {dataSource-1} inited
2021-07-17 23:44:23.764 [main] INFO  com.learn.config.ActivitiConfiguration - > Registering new user: salaboy with the following Authorities[[ROLE_ACTIVITI_USER, GROUP_activitiTeam]]
2021-07-17 23:44:23.898 [main] INFO  com.learn.config.ActivitiConfiguration - > Registering new user: ryandawsonuk with the following Authorities[[ROLE_ACTIVITI_USER, GROUP_activitiTeam]]
2021-07-17 23:44:23.990 [main] INFO  com.learn.config.ActivitiConfiguration - > Registering new user: erdemedeiros with the following Authorities[[ROLE_ACTIVITI_USER, GROUP_activitiTeam]]
2021-07-17 23:44:24.073 [main] INFO  com.learn.config.ActivitiConfiguration - > Registering new user: other with the following Authorities[[ROLE_ACTIVITI_USER, GROUP_otherTeam]]
2021-07-17 23:44:24.152 [main] INFO  com.learn.config.ActivitiConfiguration - > Registering new user: admin with the following Authorities[[ROLE_ACTIVITI_ADMIN]]
2021-07-17 23:44:27.449 [main] INFO  org.activiti.spring.resources.ResourceFinder - No process definitions were found for auto-deployment in the location `classpath*:**/processes/`
2021-07-17 23:44:28.078 [main] INFO  org.activiti.spring.resources.ResourceFinder - No process extensions were found for auto-deployment in the location 'classpath*:**/processes/'
2021-07-17 23:44:28.813 [main] INFO  o.a.engine.impl.cfg.ProcessEngineConfigurationImpl - Found 1 Process Engine Configurators in total:
2021-07-17 23:44:28.816 [main] INFO  o.a.engine.impl.cfg.ProcessEngineConfigurationImpl - class org.activiti.spring.process.conf.ProcessExtensionsConfiguratorAutoConfiguration$$EnhancerBySpringCGLIB$$7b558a07 (priority:10000)
2021-07-17 23:44:28.816 [main] INFO  o.a.engine.impl.cfg.ProcessEngineConfigurationImpl - Executing beforeInit() of class org.activiti.spring.process.conf.ProcessExtensionsConfiguratorAutoConfiguration$$EnhancerBySpringCGLIB$$7b558a07 (priority:10000)
2021-07-17 23:44:29.783 [main] INFO  o.a.engine.impl.cfg.ProcessEngineConfigurationImpl - Executing configure() of class org.activiti.spring.process.conf.ProcessExtensionsConfiguratorAutoConfiguration$$EnhancerBySpringCGLIB$$7b558a07 (priority:10000)
2021-07-17 23:44:30.176 [main] INFO  org.activiti.engine.impl.db.DbSqlSession - upgrading activiti engine schema from 7.0.0.0 to 7.1.0-M6
2021-07-17 23:44:30.176 [main] INFO  org.activiti.engine.impl.db.DbSqlSession - Upgrade needed: 7000 -> 7100. Looking for schema update resource for component 'engine'
2021-07-17 23:44:30.177 [main] INFO  org.activiti.engine.impl.db.DbSqlSession - no schema resource org/activiti/db/upgrade/activiti.mysql.upgradestep.7000.to.7100.engine.sql for upgrade
2021-07-17 23:44:30.177 [main] INFO  org.activiti.engine.impl.db.DbSqlSession - Upgrade needed: 7100 -> 710-M6. Looking for schema update resource for component 'engine'
2021-07-17 23:44:30.177 [main] INFO  org.activiti.engine.impl.db.DbSqlSession - no schema resource org/activiti/db/upgrade/activiti.mysql.upgradestep.7100.to.710-M6.engine.sql for upgrade
2021-07-17 23:44:30.197 [main] INFO  org.activiti.engine.impl.ProcessEngineImpl - ProcessEngine default created
2021-07-17 23:44:30.199 [main] INFO  o.a.e.impl.asyncexecutor.DefaultAsyncJobExecutor - Starting up the default async job executor [org.activiti.spring.SpringAsyncExecutor].
2021-07-17 23:44:30.200 [Thread-3] INFO  o.a.e.i.asyncexecutor.AcquireAsyncJobsDueRunnable - {} starting to acquire async jobs due
2021-07-17 23:44:30.200 [Thread-5] INFO  o.a.e.impl.asyncexecutor.ResetExpiredJobsRunnable - {} starting to reset expired jobs
2021-07-17 23:44:30.200 [Thread-4] INFO  o.a.e.impl.asyncexecutor.AcquireTimerJobsRunnable - {} starting to acquire async jobs due
2021-07-17 23:44:30.370 [main] INFO  o.a.e.impl.asyncexecutor.DefaultAsyncJobExecutor - Shutting down the default async job executor [org.activiti.spring.SpringAsyncExecutor].
2021-07-17 23:44:30.370 [activiti-acquire-timer-jobs] INFO  o.a.e.impl.asyncexecutor.AcquireTimerJobsRunnable - {} stopped async job due acquisition
2021-07-17 23:44:30.370 [activiti-acquire-async-jobs] INFO  o.a.e.i.asyncexecutor.AcquireAsyncJobsDueRunnable - {} stopped async job due acquisition
2021-07-17 23:44:30.370 [activiti-reset-expired-jobs] INFO  o.a.e.impl.asyncexecutor.ResetExpiredJobsRunnable - {} stopped resetting expired jobs
2021-07-17 23:44:30.374 [main] INFO  com.alibaba.druid.pool.DruidDataSource - {dataSource-1} closing ...
2021-07-17 23:44:30.382 [main] INFO  com.alibaba.druid.pool.DruidDataSource - {dataSource-1} closed
2021-07-17 23:44:30.402 [main] INFO  o.s.b.a.l.ConditionEvaluationReportLoggingListener - 

Error starting ApplicationContext. To display the conditions report re-run your application with 'debug' enabled.
2021-07-17 23:50:54.406 [main] INFO  com.learn.activiti.Demo01 - Starting Demo01 using Java 1.8.0_282 on DESKTOP-I2EKN4T with PID 13100 (started by wangxl in E:\Java\learn)
2021-07-17 23:50:54.407 [main] INFO  com.learn.activiti.Demo01 - The following profiles are active: activiti
2021-07-17 23:50:56.846 [main] INFO  c.a.d.s.b.a.DruidDataSourceAutoConfigure - Init DruidDataSource
2021-07-17 23:50:58.451 [main] INFO  com.alibaba.druid.pool.DruidDataSource - {dataSource-1} inited
2021-07-17 23:51:00.415 [main] INFO  com.learn.config.ActivitiConfiguration - > Registering new user: salaboy with the following Authorities[[ROLE_ACTIVITI_USER, GROUP_activitiTeam]]
2021-07-17 23:51:00.551 [main] INFO  com.learn.config.ActivitiConfiguration - > Registering new user: ryandawsonuk with the following Authorities[[ROLE_ACTIVITI_USER, GROUP_activitiTeam]]
2021-07-17 23:51:00.643 [main] INFO  com.learn.config.ActivitiConfiguration - > Registering new user: erdemedeiros with the following Authorities[[ROLE_ACTIVITI_USER, GROUP_activitiTeam]]
2021-07-17 23:51:00.719 [main] INFO  com.learn.config.ActivitiConfiguration - > Registering new user: other with the following Authorities[[ROLE_ACTIVITI_USER, GROUP_otherTeam]]
2021-07-17 23:51:00.797 [main] INFO  com.learn.config.ActivitiConfiguration - > Registering new user: admin with the following Authorities[[ROLE_ACTIVITI_ADMIN]]
2021-07-17 23:51:04.057 [main] INFO  org.activiti.spring.resources.ResourceFinder - No process definitions were found for auto-deployment in the location `classpath*:**/processes/`
2021-07-17 23:51:04.701 [main] INFO  org.activiti.spring.resources.ResourceFinder - No process extensions were found for auto-deployment in the location 'classpath*:**/processes/'
2021-07-17 23:51:05.467 [main] INFO  o.a.engine.impl.cfg.ProcessEngineConfigurationImpl - Found 1 Process Engine Configurators in total:
2021-07-17 23:51:05.469 [main] INFO  o.a.engine.impl.cfg.ProcessEngineConfigurationImpl - class org.activiti.spring.process.conf.ProcessExtensionsConfiguratorAutoConfiguration$$EnhancerBySpringCGLIB$$83d35fc5 (priority:10000)
2021-07-17 23:51:05.470 [main] INFO  o.a.engine.impl.cfg.ProcessEngineConfigurationImpl - Executing beforeInit() of class org.activiti.spring.process.conf.ProcessExtensionsConfiguratorAutoConfiguration$$EnhancerBySpringCGLIB$$83d35fc5 (priority:10000)
2021-07-17 23:51:06.354 [main] INFO  o.a.engine.impl.cfg.ProcessEngineConfigurationImpl - Executing configure() of class org.activiti.spring.process.conf.ProcessExtensionsConfiguratorAutoConfiguration$$EnhancerBySpringCGLIB$$83d35fc5 (priority:10000)
2021-07-17 23:51:06.418 [main] INFO  org.activiti.engine.impl.db.DbSqlSession - performing create on engine with resource org/activiti/db/create/activiti.mysql.create.engine.sql
2021-07-17 23:51:06.418 [main] INFO  org.activiti.engine.impl.db.DbSqlSession - Found MySQL: majorVersion=8 minorVersion=0
2021-07-17 23:51:09.703 [main] INFO  org.activiti.engine.impl.ProcessEngineImpl - ProcessEngine default created
2021-07-17 23:51:09.705 [main] INFO  o.a.e.impl.asyncexecutor.DefaultAsyncJobExecutor - Starting up the default async job executor [org.activiti.spring.SpringAsyncExecutor].
2021-07-17 23:51:09.706 [Thread-3] INFO  o.a.e.i.asyncexecutor.AcquireAsyncJobsDueRunnable - {} starting to acquire async jobs due
2021-07-17 23:51:09.706 [Thread-4] INFO  o.a.e.impl.asyncexecutor.AcquireTimerJobsRunnable - {} starting to acquire async jobs due
2021-07-17 23:51:09.706 [Thread-5] INFO  o.a.e.impl.asyncexecutor.ResetExpiredJobsRunnable - {} starting to reset expired jobs
2021-07-17 23:51:10.001 [main] INFO  o.s.b.actuate.endpoint.web.EndpointLinksResolver - Exposing 1 endpoint(s) beneath base path '/actuator'
2021-07-17 23:51:12.045 [main] INFO  org.activiti.spring.AbstractActivitiSmartLifeCycle - Starting...
2021-07-17 23:51:12.110 [main] INFO  org.activiti.spring.AbstractActivitiSmartLifeCycle - Started.
2021-07-17 23:51:12.111 [main] INFO  org.activiti.spring.AbstractActivitiSmartLifeCycle - Starting...
2021-07-17 23:51:12.117 [main] INFO  org.activiti.spring.AbstractActivitiSmartLifeCycle - Started.
2021-07-17 23:51:12.142 [main] INFO  com.learn.activiti.Demo01 - Started Demo01 in 18.423 seconds (JVM running for 20.224)
2021-07-17 23:51:12.610 [main] INFO  com.learn.util.SecurityUtil - > Logged in as: salaboy
2021-07-17 23:51:12.676 [SpringApplicationShutdownHook] INFO  org.activiti.spring.AbstractActivitiSmartLifeCycle - Stopping...
2021-07-17 23:51:12.676 [SpringApplicationShutdownHook] INFO  org.activiti.spring.AbstractActivitiSmartLifeCycle - Stopped.
2021-07-17 23:51:12.676 [SpringApplicationShutdownHook] INFO  org.activiti.spring.AbstractActivitiSmartLifeCycle - Stopping...
2021-07-17 23:51:12.676 [SpringApplicationShutdownHook] INFO  org.activiti.spring.AbstractActivitiSmartLifeCycle - Stopped.
2021-07-17 23:51:12.686 [SpringApplicationShutdownHook] INFO  o.a.e.impl.asyncexecutor.DefaultAsyncJobExecutor - Shutting down the default async job executor [org.activiti.spring.SpringAsyncExecutor].
2021-07-17 23:51:12.686 [activiti-acquire-timer-jobs] INFO  o.a.e.impl.asyncexecutor.AcquireTimerJobsRunnable - {} stopped async job due acquisition
2021-07-17 23:51:12.686 [activiti-reset-expired-jobs] INFO  o.a.e.impl.asyncexecutor.ResetExpiredJobsRunnable - {} stopped resetting expired jobs
2021-07-17 23:51:12.686 [activiti-acquire-async-jobs] INFO  o.a.e.i.asyncexecutor.AcquireAsyncJobsDueRunnable - {} stopped async job due acquisition
2021-07-17 23:51:12.694 [SpringApplicationShutdownHook] INFO  com.alibaba.druid.pool.DruidDataSource - {dataSource-1} closing ...
2021-07-17 23:51:12.703 [SpringApplicationShutdownHook] INFO  com.alibaba.druid.pool.DruidDataSource - {dataSource-1} closed
