2021-07-17 19:42:19.662 [restartedMain] DEBUG o.s.b.web.servlet.ServletContextInitializerBeans - Mapping filters: characterEncodingFilter urls=[/*] order=-2147483648, formContentFilter urls=[/*] order=-9900, requestContextFilter urls=[/*] order=-105
2021-07-17 19:42:19.662 [restartedMain] DEBUG o.s.b.web.servlet.ServletContextInitializerBeans - Mapping servlets: statViewServlet urls=[/druid/*], dispatcherServlet urls=[/]
2021-07-17 19:42:22.802 [restartedMain] DEBUG o.s.w.s.m.m.a.RequestMappingHandlerMapping - 11 mappings in 'requestMappingHandlerMapping'
2021-07-17 19:42:22.941 [restartedMain] DEBUG o.s.w.s.m.m.a.RequestMappingHandlerAdapter - ControllerAdvice beans: 0 @ModelAttribute, 0 @InitBinder, 1 RequestBodyAdvice, 1 ResponseBodyAdvice
2021-07-17 19:42:22.972 [restartedMain] DEBUG o.s.web.servlet.handler.SimpleUrlHandlerMapping - Patterns [/swagger-ui/] in 'viewControllerHandlerMapping'
2021-07-17 19:42:22.987 [restartedMain] DEBUG o.s.web.servlet.handler.SimpleUrlHandlerMapping - Patterns [/webjars/**, /**, /swagger-ui/**] in 'resourceHandlerMapping'
2021-07-17 19:42:22.993 [restartedMain] DEBUG o.s.w.s.m.m.a.ExceptionHandlerExceptionResolver - ControllerAdvice beans: 0 @ExceptionHandler, 1 ResponseBodyAdvice
2021-07-17 19:42:29.701 [http-nio-8088-exec-1] DEBUG org.springframework.web.servlet.DispatcherServlet - Detected StandardServletMultipartResolver
2021-07-17 19:42:29.702 [http-nio-8088-exec-1] DEBUG org.springframework.web.servlet.DispatcherServlet - Detected AcceptHeaderLocaleResolver
2021-07-17 19:42:29.702 [http-nio-8088-exec-1] DEBUG org.springframework.web.servlet.DispatcherServlet - Detected FixedThemeResolver
2021-07-17 19:42:29.706 [http-nio-8088-exec-1] DEBUG org.springframework.web.servlet.DispatcherServlet - Detected org.springframework.web.servlet.view.DefaultRequestToViewNameTranslator@7cdd23c9
2021-07-17 19:42:29.706 [http-nio-8088-exec-1] DEBUG org.springframework.web.servlet.DispatcherServlet - Detected org.springframework.web.servlet.support.SessionFlashMapManager@48fb8179
2021-07-17 19:42:29.707 [http-nio-8088-exec-1] DEBUG org.springframework.web.servlet.DispatcherServlet - enableLoggingRequestDetails='false': request parameters and headers will be masked to prevent unsafe logging of potentially sensitive data
2021-07-17 19:42:29.715 [http-nio-8088-exec-1] DEBUG org.springframework.web.servlet.DispatcherServlet - GET "/user/hello", parameters={}
2021-07-17 19:42:29.718 [http-nio-8088-exec-1] DEBUG o.s.w.s.m.m.a.RequestMappingHandlerMapping - Mapped to com.learn.controller.UserController#hello()
2021-07-17 19:42:29.736 [http-nio-8088-exec-1] DEBUG o.s.w.s.m.m.a.RequestResponseBodyMethodProcessor - Using 'text/plain', given [*/*] and supported [text/plain, */*, text/plain, */*, application/json, application/*+json, application/json, application/*+json]
2021-07-17 19:42:29.737 [http-nio-8088-exec-1] DEBUG o.s.w.s.m.m.a.RequestResponseBodyMethodProcessor - Writing ["hello world 123"]
2021-07-17 19:42:29.750 [http-nio-8088-exec-1] DEBUG org.springframework.web.servlet.DispatcherServlet - Completed 200 OK
2021-07-17 19:42:40.040 [http-nio-8088-exec-5] DEBUG org.springframework.web.servlet.DispatcherServlet - GET "/user/list", parameters={}
2021-07-17 19:42:40.041 [http-nio-8088-exec-5] DEBUG o.s.w.s.m.m.a.RequestMappingHandlerMapping - Mapped to com.learn.controller.UserController#getUsers()
2021-07-17 19:42:40.104 [http-nio-8088-exec-5] DEBUG com.learn.mapper.UserMapper.selectList - ==>  Preparing: SELECT id,name,gender,note FROM user
2021-07-17 19:42:40.253 [http-nio-8088-exec-5] DEBUG com.learn.mapper.UserMapper.selectList - ==> Parameters: 
2021-07-17 19:42:40.361 [http-nio-8088-exec-5] DEBUG com.learn.mapper.UserMapper.selectList - <==      Total: 2
2021-07-17 19:42:40.369 [http-nio-8088-exec-5] DEBUG o.s.w.s.m.m.a.RequestResponseBodyMethodProcessor - Using 'application/json', given [*/*] and supported [application/json, application/*+json, application/json, application/*+json]
2021-07-17 19:42:40.369 [http-nio-8088-exec-5] DEBUG o.s.w.s.m.m.a.RequestResponseBodyMethodProcessor - Writing [[User(id=1, name=zhangsan, gender=2, note=test user), User(id=2, name=zhangsan, gender=1, note=test  (truncated)...]
2021-07-17 19:42:40.394 [http-nio-8088-exec-5] DEBUG org.springframework.web.servlet.DispatcherServlet - Completed 200 OK
2021-07-17 19:44:58.947 [restartedMain] DEBUG o.s.b.web.servlet.ServletContextInitializerBeans - Mapping filters: characterEncodingFilter urls=[/*] order=-2147483648, formContentFilter urls=[/*] order=-9900, requestContextFilter urls=[/*] order=-105
2021-07-17 19:44:58.948 [restartedMain] DEBUG o.s.b.web.servlet.ServletContextInitializerBeans - Mapping servlets: statViewServlet urls=[/druid/*], dispatcherServlet urls=[/]
2021-07-17 19:45:02.223 [restartedMain] DEBUG o.s.w.s.m.m.a.RequestMappingHandlerMapping - 11 mappings in 'requestMappingHandlerMapping'
2021-07-17 19:45:02.363 [restartedMain] DEBUG o.s.w.s.m.m.a.RequestMappingHandlerAdapter - ControllerAdvice beans: 0 @ModelAttribute, 0 @InitBinder, 1 RequestBodyAdvice, 1 ResponseBodyAdvice
2021-07-17 19:45:02.393 [restartedMain] DEBUG o.s.web.servlet.handler.SimpleUrlHandlerMapping - Patterns [/swagger-ui/] in 'viewControllerHandlerMapping'
2021-07-17 19:45:02.407 [restartedMain] DEBUG o.s.web.servlet.handler.SimpleUrlHandlerMapping - Patterns [/webjars/**, /**, /swagger-ui/**] in 'resourceHandlerMapping'
2021-07-17 19:45:02.413 [restartedMain] DEBUG o.s.w.s.m.m.a.ExceptionHandlerExceptionResolver - ControllerAdvice beans: 0 @ExceptionHandler, 1 ResponseBodyAdvice
2021-07-17 19:45:08.866 [http-nio-8088-exec-1] DEBUG org.springframework.web.servlet.DispatcherServlet - Detected StandardServletMultipartResolver
2021-07-17 19:45:08.866 [http-nio-8088-exec-1] DEBUG org.springframework.web.servlet.DispatcherServlet - Detected AcceptHeaderLocaleResolver
2021-07-17 19:45:08.866 [http-nio-8088-exec-1] DEBUG org.springframework.web.servlet.DispatcherServlet - Detected FixedThemeResolver
2021-07-17 19:45:08.870 [http-nio-8088-exec-1] DEBUG org.springframework.web.servlet.DispatcherServlet - Detected org.springframework.web.servlet.view.DefaultRequestToViewNameTranslator@6cb23417
2021-07-17 19:45:08.870 [http-nio-8088-exec-1] DEBUG org.springframework.web.servlet.DispatcherServlet - Detected org.springframework.web.servlet.support.SessionFlashMapManager@3472cd3b
2021-07-17 19:45:08.870 [http-nio-8088-exec-1] DEBUG org.springframework.web.servlet.DispatcherServlet - enableLoggingRequestDetails='false': request parameters and headers will be masked to prevent unsafe logging of potentially sensitive data
2021-07-17 19:45:08.878 [http-nio-8088-exec-1] DEBUG org.springframework.web.servlet.DispatcherServlet - GET "/user/list", parameters={}
2021-07-17 19:45:08.882 [http-nio-8088-exec-1] DEBUG o.s.w.s.m.m.a.RequestMappingHandlerMapping - Mapped to com.learn.controller.UserController#getUsers()
2021-07-17 19:45:08.955 [http-nio-8088-exec-1] DEBUG com.learn.mapper.UserMapper.selectList - ==>  Preparing: SELECT id,name,gender,note FROM user
2021-07-17 19:45:09.107 [http-nio-8088-exec-1] DEBUG com.learn.mapper.UserMapper.selectList - ==> Parameters: 
2021-07-17 19:45:09.137 [http-nio-8088-exec-1] DEBUG com.learn.mapper.UserMapper.selectList - <==      Total: 2
2021-07-17 19:45:09.153 [http-nio-8088-exec-1] DEBUG o.s.w.s.m.m.a.RequestResponseBodyMethodProcessor - Using 'application/json', given [*/*] and supported [application/json, application/*+json, application/json, application/*+json]
2021-07-17 19:45:09.154 [http-nio-8088-exec-1] DEBUG o.s.w.s.m.m.a.RequestResponseBodyMethodProcessor - Writing [[User(id=1, name=zhangsan, gender=2, note=test user), User(id=2, name=zhangsan, gender=1, note=test  (truncated)...]
2021-07-17 19:45:09.183 [http-nio-8088-exec-1] DEBUG org.springframework.web.servlet.DispatcherServlet - Completed 200 OK
2021-07-17 19:46:37.097 [http-nio-8088-exec-7] DEBUG org.springframework.web.servlet.DispatcherServlet - GET "/book/list", parameters={}
2021-07-17 19:46:37.097 [http-nio-8088-exec-7] DEBUG o.s.w.s.m.m.a.RequestMappingHandlerMapping - Mapped to com.learn.controller.cs.BookController#getBooks()
2021-07-17 19:46:37.132 [http-nio-8088-exec-7] DEBUG com.learn.mapper.BookMapper.selectList - ==>  Preparing: SELECT id,name,author,pages FROM book
2021-07-17 19:46:37.134 [http-nio-8088-exec-7] DEBUG com.learn.mapper.BookMapper.selectList - ==> Parameters: 
2021-07-17 19:46:37.136 [http-nio-8088-exec-7] DEBUG com.learn.mapper.BookMapper.selectList - <==      Total: 2
2021-07-17 19:46:37.137 [http-nio-8088-exec-7] DEBUG o.s.w.s.m.m.a.RequestResponseBodyMethodProcessor - Using 'application/json', given [*/*] and supported [application/json, application/*+json, application/json, application/*+json]
2021-07-17 19:46:37.137 [http-nio-8088-exec-7] DEBUG o.s.w.s.m.m.a.RequestResponseBodyMethodProcessor - Writing [[Book(id=1, name=三国演义, author=罗贯中, pages=800), Book(id=2, name=水浒传, author=施耐庵罗贯中, pages=799)]]
2021-07-17 19:46:37.140 [http-nio-8088-exec-7] DEBUG org.springframework.web.servlet.DispatcherServlet - Completed 200 OK
2021-07-17 19:50:42.135 [restartedMain] DEBUG o.s.b.web.servlet.ServletContextInitializerBeans - Mapping filters: characterEncodingFilter urls=[/*] order=-2147483648, formContentFilter urls=[/*] order=-9900, requestContextFilter urls=[/*] order=-105
2021-07-17 19:50:42.135 [restartedMain] DEBUG o.s.b.web.servlet.ServletContextInitializerBeans - Mapping servlets: statViewServlet urls=[/druid/*], dispatcherServlet urls=[/]
2021-07-17 19:50:43.417 [restartedMain] DEBUG o.s.w.s.m.m.a.RequestMappingHandlerMapping - 11 mappings in 'requestMappingHandlerMapping'
2021-07-17 19:50:43.454 [restartedMain] DEBUG o.s.w.s.m.m.a.RequestMappingHandlerAdapter - ControllerAdvice beans: 0 @ModelAttribute, 0 @InitBinder, 1 RequestBodyAdvice, 1 ResponseBodyAdvice
2021-07-17 19:50:43.461 [restartedMain] DEBUG o.s.web.servlet.handler.SimpleUrlHandlerMapping - Patterns [/swagger-ui/] in 'viewControllerHandlerMapping'
2021-07-17 19:50:43.465 [restartedMain] DEBUG o.s.web.servlet.handler.SimpleUrlHandlerMapping - Patterns [/webjars/**, /**, /swagger-ui/**] in 'resourceHandlerMapping'
2021-07-17 19:50:43.470 [restartedMain] DEBUG o.s.w.s.m.m.a.ExceptionHandlerExceptionResolver - ControllerAdvice beans: 0 @ExceptionHandler, 1 ResponseBodyAdvice
2021-07-17 19:52:06.863 [restartedMain] DEBUG o.s.b.web.servlet.ServletContextInitializerBeans - Mapping filters: characterEncodingFilter urls=[/*] order=-2147483648, formContentFilter urls=[/*] order=-9900, requestContextFilter urls=[/*] order=-105
2021-07-17 19:52:06.863 [restartedMain] DEBUG o.s.b.web.servlet.ServletContextInitializerBeans - Mapping servlets: statViewServlet urls=[/druid/*], dispatcherServlet urls=[/]
2021-07-17 19:52:08.217 [restartedMain] DEBUG o.s.w.s.m.m.a.RequestMappingHandlerMapping - 11 mappings in 'requestMappingHandlerMapping'
2021-07-17 19:52:08.255 [restartedMain] DEBUG o.s.w.s.m.m.a.RequestMappingHandlerAdapter - ControllerAdvice beans: 0 @ModelAttribute, 0 @InitBinder, 1 RequestBodyAdvice, 1 ResponseBodyAdvice
2021-07-17 19:52:08.263 [restartedMain] DEBUG o.s.web.servlet.handler.SimpleUrlHandlerMapping - Patterns [/swagger-ui/] in 'viewControllerHandlerMapping'
2021-07-17 19:52:08.267 [restartedMain] DEBUG o.s.web.servlet.handler.SimpleUrlHandlerMapping - Patterns [/webjars/**, /**, /swagger-ui/**] in 'resourceHandlerMapping'
2021-07-17 19:52:08.272 [restartedMain] DEBUG o.s.w.s.m.m.a.ExceptionHandlerExceptionResolver - ControllerAdvice beans: 0 @ExceptionHandler, 1 ResponseBodyAdvice
2021-07-17 19:54:39.464 [restartedMain] DEBUG o.s.b.web.servlet.ServletContextInitializerBeans - Mapping filters: characterEncodingFilter urls=[/*] order=-2147483648, formContentFilter urls=[/*] order=-9900, requestContextFilter urls=[/*] order=-105
2021-07-17 19:54:39.464 [restartedMain] DEBUG o.s.b.web.servlet.ServletContextInitializerBeans - Mapping servlets: statViewServlet urls=[/druid/*], dispatcherServlet urls=[/]
2021-07-17 19:55:26.029 [restartedMain] DEBUG o.s.b.web.servlet.ServletContextInitializerBeans - Mapping filters: characterEncodingFilter urls=[/*] order=-2147483648, formContentFilter urls=[/*] order=-9900, requestContextFilter urls=[/*] order=-105
2021-07-17 19:55:26.029 [restartedMain] DEBUG o.s.b.web.servlet.ServletContextInitializerBeans - Mapping servlets: statViewServlet urls=[/druid/*], dispatcherServlet urls=[/]
2021-07-17 19:56:57.264 [restartedMain] DEBUG o.s.b.web.servlet.ServletContextInitializerBeans - Mapping filters: characterEncodingFilter urls=[/*] order=-2147483648, formContentFilter urls=[/*] order=-9900, requestContextFilter urls=[/*] order=-105
2021-07-17 19:56:57.265 [restartedMain] DEBUG o.s.b.web.servlet.ServletContextInitializerBeans - Mapping servlets: statViewServlet urls=[/druid/*], dispatcherServlet urls=[/]
2021-07-17 19:57:11.009 [restartedMain] DEBUG o.s.b.web.servlet.ServletContextInitializerBeans - Mapping filters: characterEncodingFilter urls=[/*] order=-2147483648, formContentFilter urls=[/*] order=-9900, requestContextFilter urls=[/*] order=-105
2021-07-17 19:57:11.009 [restartedMain] DEBUG o.s.b.web.servlet.ServletContextInitializerBeans - Mapping servlets: statViewServlet urls=[/druid/*], dispatcherServlet urls=[/]
2021-07-17 19:57:14.280 [restartedMain] DEBUG o.s.w.s.m.m.a.RequestMappingHandlerMapping - 11 mappings in 'requestMappingHandlerMapping'
2021-07-17 19:57:14.421 [restartedMain] DEBUG o.s.w.s.m.m.a.RequestMappingHandlerAdapter - ControllerAdvice beans: 0 @ModelAttribute, 0 @InitBinder, 1 RequestBodyAdvice, 1 ResponseBodyAdvice
2021-07-17 19:57:14.452 [restartedMain] DEBUG o.s.web.servlet.handler.SimpleUrlHandlerMapping - Patterns [/swagger-ui/] in 'viewControllerHandlerMapping'
2021-07-17 19:57:14.466 [restartedMain] DEBUG o.s.web.servlet.handler.SimpleUrlHandlerMapping - Patterns [/webjars/**, /**, /swagger-ui/**] in 'resourceHandlerMapping'
2021-07-17 19:57:14.473 [restartedMain] DEBUG o.s.w.s.m.m.a.ExceptionHandlerExceptionResolver - ControllerAdvice beans: 0 @ExceptionHandler, 1 ResponseBodyAdvice
2021-07-17 20:07:11.653 [restartedMain] DEBUG o.s.b.web.servlet.ServletContextInitializerBeans - Mapping filters: characterEncodingFilter urls=[/*] order=-2147483648, formContentFilter urls=[/*] order=-9900, requestContextFilter urls=[/*] order=-105
2021-07-17 20:07:11.655 [restartedMain] DEBUG o.s.b.web.servlet.ServletContextInitializerBeans - Mapping servlets: statViewServlet urls=[/druid/*], dispatcherServlet urls=[/]
2021-07-17 20:07:15.689 [restartedMain] DEBUG o.s.w.s.m.m.a.RequestMappingHandlerMapping - 11 mappings in 'requestMappingHandlerMapping'
2021-07-17 20:07:15.884 [restartedMain] DEBUG o.s.w.s.m.m.a.RequestMappingHandlerAdapter - ControllerAdvice beans: 0 @ModelAttribute, 0 @InitBinder, 1 RequestBodyAdvice, 1 ResponseBodyAdvice
2021-07-17 20:07:15.924 [restartedMain] DEBUG o.s.web.servlet.handler.SimpleUrlHandlerMapping - Patterns [/swagger-ui/] in 'viewControllerHandlerMapping'
2021-07-17 20:07:15.940 [restartedMain] DEBUG o.s.web.servlet.handler.SimpleUrlHandlerMapping - Patterns [/webjars/**, /**, /swagger-ui/**] in 'resourceHandlerMapping'
2021-07-17 20:07:15.947 [restartedMain] DEBUG o.s.w.s.m.m.a.ExceptionHandlerExceptionResolver - ControllerAdvice beans: 0 @ExceptionHandler, 1 ResponseBodyAdvice
2021-07-17 20:07:47.126 [http-nio-8088-exec-1] DEBUG org.springframework.web.servlet.DispatcherServlet - Detected StandardServletMultipartResolver
2021-07-17 20:07:47.126 [http-nio-8088-exec-1] DEBUG org.springframework.web.servlet.DispatcherServlet - Detected AcceptHeaderLocaleResolver
2021-07-17 20:07:47.126 [http-nio-8088-exec-1] DEBUG org.springframework.web.servlet.DispatcherServlet - Detected FixedThemeResolver
2021-07-17 20:07:47.127 [http-nio-8088-exec-1] DEBUG org.springframework.web.servlet.DispatcherServlet - Detected org.springframework.web.servlet.view.DefaultRequestToViewNameTranslator@614d4eda
2021-07-17 20:07:47.127 [http-nio-8088-exec-1] DEBUG org.springframework.web.servlet.DispatcherServlet - Detected org.springframework.web.servlet.support.SessionFlashMapManager@d1cbe6a
2021-07-17 20:07:47.127 [http-nio-8088-exec-1] DEBUG org.springframework.web.servlet.DispatcherServlet - enableLoggingRequestDetails='false': request parameters and headers will be masked to prevent unsafe logging of potentially sensitive data
2021-07-17 20:07:47.141 [http-nio-8088-exec-1] DEBUG org.springframework.web.servlet.DispatcherServlet - GET "/book/list", parameters={}
2021-07-17 20:07:47.145 [http-nio-8088-exec-1] DEBUG o.s.w.s.m.m.a.RequestMappingHandlerMapping - Mapped to com.learn.controller.cs.BookController#getBooks()
2021-07-17 20:07:47.245 [http-nio-8088-exec-1] DEBUG com.learn.mapper.BookMapper.selectList - ==>  Preparing: SELECT id,name,author,pages FROM book
2021-07-17 20:07:47.282 [http-nio-8088-exec-1] DEBUG com.learn.mapper.BookMapper.selectList - ==> Parameters: 
2021-07-17 20:07:47.305 [http-nio-8088-exec-1] DEBUG com.learn.mapper.BookMapper.selectList - <==      Total: 2
2021-07-17 20:07:47.330 [http-nio-8088-exec-1] DEBUG o.s.w.s.m.m.a.RequestResponseBodyMethodProcessor - Using 'application/json', given [*/*] and supported [application/json, application/*+json, application/json, application/*+json]
2021-07-17 20:07:47.331 [http-nio-8088-exec-1] DEBUG o.s.w.s.m.m.a.RequestResponseBodyMethodProcessor - Writing [[Book(id=1, name=三国演义, author=罗贯中, pages=800), Book(id=2, name=水浒传, author=施耐庵罗贯中, pages=799)]]
2021-07-17 20:07:47.379 [http-nio-8088-exec-1] DEBUG org.springframework.web.servlet.DispatcherServlet - Completed 200 OK
2021-07-17 23:08:04.890 [restartedMain] DEBUG o.s.b.web.servlet.ServletContextInitializerBeans - Mapping filters: characterEncodingFilter urls=[/*] order=-2147483648, formContentFilter urls=[/*] order=-9900, requestContextFilter urls=[/*] order=-105
2021-07-17 23:08:04.891 [restartedMain] DEBUG o.s.b.web.servlet.ServletContextInitializerBeans - Mapping servlets: statViewServlet urls=[/druid/*], dispatcherServlet urls=[/]
2021-07-17 23:08:06.303 [restartedMain] DEBUG o.s.w.s.m.m.a.RequestMappingHandlerMapping - 11 mappings in 'requestMappingHandlerMapping'
2021-07-17 23:08:06.361 [restartedMain] DEBUG o.s.w.s.m.m.a.RequestMappingHandlerAdapter - ControllerAdvice beans: 0 @ModelAttribute, 0 @InitBinder, 1 RequestBodyAdvice, 1 ResponseBodyAdvice
2021-07-17 23:08:06.372 [restartedMain] DEBUG o.s.web.servlet.handler.SimpleUrlHandlerMapping - Patterns [/swagger-ui/] in 'viewControllerHandlerMapping'
2021-07-17 23:08:06.377 [restartedMain] DEBUG o.s.web.servlet.handler.SimpleUrlHandlerMapping - Patterns [/webjars/**, /**, /swagger-ui/**] in 'resourceHandlerMapping'
2021-07-17 23:08:06.383 [restartedMain] DEBUG o.s.w.s.m.m.a.ExceptionHandlerExceptionResolver - ControllerAdvice beans: 0 @ExceptionHandler, 1 ResponseBodyAdvice
2021-07-17 23:08:09.193 [restartedMain] DEBUG o.s.b.web.servlet.ServletContextInitializerBeans - Mapping filters: characterEncodingFilter urls=[/*] order=-2147483648, formContentFilter urls=[/*] order=-9900, requestContextFilter urls=[/*] order=-105
2021-07-17 23:08:09.193 [restartedMain] DEBUG o.s.b.web.servlet.ServletContextInitializerBeans - Mapping servlets: statViewServlet urls=[/druid/*], dispatcherServlet urls=[/]
2021-07-17 23:08:10.175 [restartedMain] DEBUG o.s.w.s.m.m.a.RequestMappingHandlerMapping - 11 mappings in 'requestMappingHandlerMapping'
2021-07-17 23:08:10.215 [restartedMain] DEBUG o.s.w.s.m.m.a.RequestMappingHandlerAdapter - ControllerAdvice beans: 0 @ModelAttribute, 0 @InitBinder, 1 RequestBodyAdvice, 1 ResponseBodyAdvice
2021-07-17 23:08:10.227 [restartedMain] DEBUG o.s.web.servlet.handler.SimpleUrlHandlerMapping - Patterns [/swagger-ui/] in 'viewControllerHandlerMapping'
2021-07-17 23:08:10.235 [restartedMain] DEBUG o.s.web.servlet.handler.SimpleUrlHandlerMapping - Patterns [/webjars/**, /**, /swagger-ui/**] in 'resourceHandlerMapping'
2021-07-17 23:08:10.241 [restartedMain] DEBUG o.s.w.s.m.m.a.ExceptionHandlerExceptionResolver - ControllerAdvice beans: 0 @ExceptionHandler, 1 ResponseBodyAdvice
2021-07-17 23:10:23.568 [restartedMain] DEBUG o.s.b.web.servlet.ServletContextInitializerBeans - Mapping filters: characterEncodingFilter urls=[/*] order=-2147483648, formContentFilter urls=[/*] order=-9900, requestContextFilter urls=[/*] order=-105
2021-07-17 23:10:23.568 [restartedMain] DEBUG o.s.b.web.servlet.ServletContextInitializerBeans - Mapping servlets: statViewServlet urls=[/druid/*], dispatcherServlet urls=[/]
2021-07-17 23:10:24.450 [restartedMain] DEBUG o.s.w.s.m.m.a.RequestMappingHandlerMapping - 11 mappings in 'requestMappingHandlerMapping'
2021-07-17 23:10:24.488 [restartedMain] DEBUG o.s.w.s.m.m.a.RequestMappingHandlerAdapter - ControllerAdvice beans: 0 @ModelAttribute, 0 @InitBinder, 1 RequestBodyAdvice, 1 ResponseBodyAdvice
2021-07-17 23:10:24.496 [restartedMain] DEBUG o.s.web.servlet.handler.SimpleUrlHandlerMapping - Patterns [/swagger-ui/] in 'viewControllerHandlerMapping'
2021-07-17 23:10:24.500 [restartedMain] DEBUG o.s.web.servlet.handler.SimpleUrlHandlerMapping - Patterns [/webjars/**, /**, /swagger-ui/**] in 'resourceHandlerMapping'
2021-07-17 23:10:24.504 [restartedMain] DEBUG o.s.w.s.m.m.a.ExceptionHandlerExceptionResolver - ControllerAdvice beans: 0 @ExceptionHandler, 1 ResponseBodyAdvice
2021-07-17 23:12:01.926 [restartedMain] DEBUG o.s.b.web.servlet.ServletContextInitializerBeans - Mapping filters: characterEncodingFilter urls=[/*] order=-2147483648, formContentFilter urls=[/*] order=-9900, requestContextFilter urls=[/*] order=-105
2021-07-17 23:12:01.926 [restartedMain] DEBUG o.s.b.web.servlet.ServletContextInitializerBeans - Mapping servlets: statViewServlet urls=[/druid/*], dispatcherServlet urls=[/]
2021-07-17 23:15:03.082 [restartedMain] DEBUG o.s.b.web.servlet.ServletContextInitializerBeans - Mapping filters: characterEncodingFilter urls=[/*] order=-2147483648, formContentFilter urls=[/*] order=-9900, requestContextFilter urls=[/*] order=-105
2021-07-17 23:15:03.082 [restartedMain] DEBUG o.s.b.web.servlet.ServletContextInitializerBeans - Mapping servlets: statViewServlet urls=[/druid/*], dispatcherServlet urls=[/]
2021-07-17 23:15:05.791 [restartedMain] DEBUG o.s.w.s.m.m.a.RequestMappingHandlerMapping - 11 mappings in 'requestMappingHandlerMapping'
2021-07-17 23:42:19.988 [main] DEBUG o.s.w.context.support.GenericWebApplicationContext - Refreshing org.springframework.web.context.support.GenericWebApplicationContext@2f9a01c1
2021-07-17 23:42:26.926 [main] DEBUG o.s.w.s.m.m.a.RequestMappingHandlerMapping - 11 mappings in 'requestMappingHandlerMapping'
2021-07-17 23:44:17.564 [main] DEBUG o.s.w.context.support.GenericWebApplicationContext - Refreshing org.springframework.web.context.support.GenericWebApplicationContext@2f9a01c1
2021-07-17 23:44:25.028 [main] DEBUG o.s.w.s.m.m.a.RequestMappingHandlerMapping - 11 mappings in 'requestMappingHandlerMapping'
2021-07-17 23:50:54.463 [main] DEBUG o.s.w.context.support.GenericWebApplicationContext - Refreshing org.springframework.web.context.support.GenericWebApplicationContext@1433046b
2021-07-17 23:51:01.747 [main] DEBUG o.s.w.s.m.m.a.RequestMappingHandlerMapping - 11 mappings in 'requestMappingHandlerMapping'
2021-07-17 23:51:10.410 [main] DEBUG o.s.w.s.m.m.a.RequestMappingHandlerAdapter - ControllerAdvice beans: 0 @ModelAttribute, 0 @InitBinder, 1 RequestBodyAdvice, 1 ResponseBodyAdvice
2021-07-17 23:51:10.515 [main] DEBUG o.s.web.servlet.handler.SimpleUrlHandlerMapping - Patterns [/swagger-ui/] in 'viewControllerHandlerMapping'
2021-07-17 23:51:10.558 [main] DEBUG o.s.web.servlet.handler.SimpleUrlHandlerMapping - Patterns [/webjars/**, /**, /swagger-ui/**] in 'resourceHandlerMapping'
2021-07-17 23:51:10.586 [main] DEBUG o.s.w.s.m.m.a.ExceptionHandlerExceptionResolver - ControllerAdvice beans: 0 @ExceptionHandler, 1 ResponseBodyAdvice
2021-07-17 23:51:12.673 [SpringApplicationShutdownHook] DEBUG o.s.w.context.support.GenericWebApplicationContext - Closing org.springframework.web.context.support.GenericWebApplicationContext@1433046b, started on Sat Jul 17 23:50:54 CST 2021
