2021-07-18 00:04:49.709 [restartedMain] INFO  com.learn.LearnApplication - Starting LearnApplication using Java 1.8.0_282 on DESKTOP-I2EKN4T with PID 13924 (E:\Java\learn\target\classes started by wangxl in E:\Java\learn)
2021-07-18 00:04:49.714 [restartedMain] INFO  com.learn.LearnApplication - The following profiles are active: activiti
2021-07-18 00:04:49.763 [restartedMain] INFO  o.s.boot.devtools.restart.ChangeableUrls - The Class-Path manifest attribute in E:\resource\xalan\xalan\2.7.2\xalan-2.7.2.jar referenced one or more files that do not exist: file:/E:/resource/xalan/xalan/2.7.2/xercesImpl.jar,file:/E:/resource/xalan/xalan/2.7.2/xml-apis.jar,file:/E:/resource/xalan/xalan/2.7.2/serializer.jar
2021-07-18 00:04:49.764 [restartedMain] INFO  o.s.boot.devtools.restart.ChangeableUrls - The Class-Path manifest attribute in E:\resource\xalan\serializer\2.7.2\serializer-2.7.2.jar referenced one or more files that do not exist: file:/E:/resource/xalan/serializer/2.7.2/xml-apis.jar
2021-07-18 00:04:52.458 [restartedMain] INFO  o.s.c.s.PostProcessorRegistrationDelegate$BeanPostProcessorChecker - Bean 'org.springframework.security.access.expression.method.DefaultMethodSecurityExpressionHandler@27ee1dee' of type [org.springframework.security.access.expression.method.DefaultMethodSecurityExpressionHandler] is not eligible for getting processed by all BeanPostProcessors (for example: not eligible for auto-proxying)
2021-07-18 00:04:52.460 [restartedMain] INFO  o.s.c.s.PostProcessorRegistrationDelegate$BeanPostProcessorChecker - Bean 'methodSecurityConfig' of type [org.activiti.spring.boot.MethodSecurityConfig$$EnhancerBySpringCGLIB$$89bf96ab] is not eligible for getting processed by all BeanPostProcessors (for example: not eligible for auto-proxying)
2021-07-18 00:04:52.469 [restartedMain] INFO  o.s.c.s.PostProcessorRegistrationDelegate$BeanPostProcessorChecker - Bean 'methodSecurityMetadataSource' of type [org.springframework.security.access.method.DelegatingMethodSecurityMetadataSource] is not eligible for getting processed by all BeanPostProcessors (for example: not eligible for auto-proxying)
2021-07-18 00:04:52.743 [restartedMain] INFO  o.s.boot.web.embedded.tomcat.TomcatWebServer - Tomcat initialized with port(s): 8088 (http)
2021-07-18 00:04:52.752 [restartedMain] INFO  org.apache.coyote.http11.Http11NioProtocol - Initializing ProtocolHandler ["http-nio-8088"]
2021-07-18 00:04:52.753 [restartedMain] INFO  org.apache.catalina.core.StandardService - Starting service [Tomcat]
2021-07-18 00:04:52.753 [restartedMain] INFO  org.apache.catalina.core.StandardEngine - Starting Servlet engine: [Apache Tomcat/9.0.48]
2021-07-18 00:04:52.882 [restartedMain] INFO  o.a.c.core.ContainerBase.[Tomcat].[localhost].[/] - Initializing Spring embedded WebApplicationContext
2021-07-18 00:04:52.882 [restartedMain] INFO  o.s.b.w.s.c.ServletWebServerApplicationContext - Root WebApplicationContext: initialization completed in 3118 ms
2021-07-18 00:04:53.139 [restartedMain] INFO  c.a.d.s.b.a.DruidDataSourceAutoConfigure - Init DruidDataSource
2021-07-18 00:04:54.040 [restartedMain] INFO  com.alibaba.druid.pool.DruidDataSource - {dataSource-1} inited
2021-07-18 00:04:57.831 [restartedMain] INFO  com.learn.config.ActivitiConfiguration - > Registering new user: salaboy with the following Authorities[[ROLE_ACTIVITI_USER, GROUP_activitiTeam]]
2021-07-18 00:04:57.931 [restartedMain] INFO  com.learn.config.ActivitiConfiguration - > Registering new user: ryandawsonuk with the following Authorities[[ROLE_ACTIVITI_USER, GROUP_activitiTeam]]
2021-07-18 00:04:58.032 [restartedMain] INFO  com.learn.config.ActivitiConfiguration - > Registering new user: erdemedeiros with the following Authorities[[ROLE_ACTIVITI_USER, GROUP_activitiTeam]]
2021-07-18 00:04:58.133 [restartedMain] INFO  com.learn.config.ActivitiConfiguration - > Registering new user: other with the following Authorities[[ROLE_ACTIVITI_USER, GROUP_otherTeam]]
2021-07-18 00:04:58.234 [restartedMain] INFO  com.learn.config.ActivitiConfiguration - > Registering new user: admin with the following Authorities[[ROLE_ACTIVITI_ADMIN]]
2021-07-18 00:05:01.309 [restartedMain] INFO  o.a.spring.boot.ProcessDefinitionResourceFinder - The following process definition files will be deployed: [account.bpmn]
2021-07-18 00:05:02.081 [restartedMain] INFO  o.a.engine.impl.cfg.ProcessEngineConfigurationImpl - Found 1 Process Engine Configurators in total:
2021-07-18 00:05:02.082 [restartedMain] INFO  o.a.engine.impl.cfg.ProcessEngineConfigurationImpl - class org.activiti.spring.process.autoconfigure.ProcessExtensionsConfiguratorAutoConfiguration$$EnhancerBySpringCGLIB$$dabbbe49 (priority:10000)
2021-07-18 00:05:02.082 [restartedMain] INFO  o.a.engine.impl.cfg.ProcessEngineConfigurationImpl - Executing beforeInit() of class org.activiti.spring.process.autoconfigure.ProcessExtensionsConfiguratorAutoConfiguration$$EnhancerBySpringCGLIB$$dabbbe49 (priority:10000)
2021-07-18 00:05:02.661 [restartedMain] INFO  o.a.engine.impl.cfg.ProcessEngineConfigurationImpl - Executing configure() of class org.activiti.spring.process.autoconfigure.ProcessExtensionsConfiguratorAutoConfiguration$$EnhancerBySpringCGLIB$$dabbbe49 (priority:10000)
2021-07-18 00:05:02.690 [restartedMain] INFO  org.activiti.engine.impl.db.DbSqlSession - performing create on engine with resource org/activiti/db/create/activiti.mysql.create.engine.sql
2021-07-18 00:05:02.690 [restartedMain] INFO  org.activiti.engine.impl.db.DbSqlSession - Found MySQL: majorVersion=8 minorVersion=0
2021-07-18 00:05:05.660 [restartedMain] INFO  org.activiti.engine.impl.db.DbSqlSession - performing create on history with resource org/activiti/db/create/activiti.mysql.create.history.sql
2021-07-18 00:05:05.660 [restartedMain] INFO  org.activiti.engine.impl.db.DbSqlSession - Found MySQL: majorVersion=8 minorVersion=0
2021-07-18 00:05:06.135 [restartedMain] INFO  org.activiti.engine.impl.ProcessEngineImpl - ProcessEngine default created
2021-07-18 00:05:06.442 [restartedMain] INFO  o.activiti.engine.impl.bpmn.deployer.BpmnDeployer - Process deployed: {id: GD001:1:c0c5c5a5-e718-11eb-9078-144f8ab4e4de, key: GD001, name: 报销工单 }
2021-07-18 00:05:06.508 [restartedMain] INFO  o.s.b.actuate.endpoint.web.EndpointLinksResolver - Exposing 1 endpoint(s) beneath base path '/actuator'
2021-07-18 00:05:06.677 [restartedMain] INFO  o.s.b.d.autoconfigure.OptionalLiveReloadServer - LiveReload server is running on port 35729
2021-07-18 00:05:07.212 [restartedMain] INFO  o.s.security.web.DefaultSecurityFilterChain - Will secure any request with [org.springframework.security.web.context.request.async.WebAsyncManagerIntegrationFilter@5691c663, org.springframework.security.web.context.SecurityContextPersistenceFilter@49684a05, org.springframework.security.web.header.HeaderWriterFilter@1237d47b, org.springframework.web.filter.CorsFilter@104ece83, org.springframework.security.web.csrf.CsrfFilter@7835bac2, org.springframework.security.web.authentication.logout.LogoutFilter@75182c75, org.springframework.security.web.authentication.UsernamePasswordAuthenticationFilter@3c43a557, org.springframework.security.web.authentication.ui.DefaultLoginPageGeneratingFilter@5e865129, org.springframework.security.web.authentication.ui.DefaultLogoutPageGeneratingFilter@2e59339d, org.springframework.security.web.authentication.www.BasicAuthenticationFilter@645b5e41, org.springframework.security.web.savedrequest.RequestCacheAwareFilter@9b774c5, org.springframework.security.web.servletapi.SecurityContextHolderAwareRequestFilter@61c10a1c, org.springframework.security.web.authentication.AnonymousAuthenticationFilter@751485a9, org.springframework.security.web.session.SessionManagementFilter@5fcb2fd6, org.springframework.security.web.access.ExceptionTranslationFilter@69b406ce, org.springframework.security.web.access.intercept.FilterSecurityInterceptor@168c7424]
2021-07-18 00:05:07.359 [restartedMain] INFO  org.apache.coyote.http11.Http11NioProtocol - Starting ProtocolHandler ["http-nio-8088"]
2021-07-18 00:05:07.375 [restartedMain] INFO  o.s.boot.web.embedded.tomcat.TomcatWebServer - Tomcat started on port(s): 8088 (http) with context path ''
2021-07-18 00:05:07.613 [restartedMain] INFO  com.learn.LearnApplication - Started LearnApplication in 18.625 seconds (JVM running for 20.503)
2021-07-18 00:05:09.295 [RMI TCP Connection(5)-192.168.23.1] INFO  o.a.c.core.ContainerBase.[Tomcat].[localhost].[/] - Initializing Spring DispatcherServlet 'dispatcherServlet'
2021-07-18 00:05:09.295 [RMI TCP Connection(5)-192.168.23.1] INFO  org.springframework.web.servlet.DispatcherServlet - Initializing Servlet 'dispatcherServlet'
2021-07-18 00:05:09.298 [RMI TCP Connection(5)-192.168.23.1] INFO  org.springframework.web.servlet.DispatcherServlet - Completed initialization in 3 ms
2021-07-18 00:10:37.627 [main] INFO  com.learn.activiti.Demo01 - Starting Demo01 using Java 1.8.0_282 on DESKTOP-I2EKN4T with PID 20384 (started by wangxl in E:\Java\learn)
2021-07-18 00:10:37.628 [main] INFO  com.learn.activiti.Demo01 - The following profiles are active: activiti
2021-07-18 00:10:40.927 [main] INFO  o.s.c.s.PostProcessorRegistrationDelegate$BeanPostProcessorChecker - Bean 'org.springframework.security.access.expression.method.DefaultMethodSecurityExpressionHandler@14590fe2' of type [org.springframework.security.access.expression.method.DefaultMethodSecurityExpressionHandler] is not eligible for getting processed by all BeanPostProcessors (for example: not eligible for auto-proxying)
2021-07-18 00:10:40.943 [main] INFO  o.s.c.s.PostProcessorRegistrationDelegate$BeanPostProcessorChecker - Bean 'methodSecurityConfig' of type [org.activiti.spring.boot.MethodSecurityConfig$$EnhancerBySpringCGLIB$$d1ccad39] is not eligible for getting processed by all BeanPostProcessors (for example: not eligible for auto-proxying)
2021-07-18 00:10:40.972 [main] INFO  o.s.c.s.PostProcessorRegistrationDelegate$BeanPostProcessorChecker - Bean 'methodSecurityMetadataSource' of type [org.springframework.security.access.method.DelegatingMethodSecurityMetadataSource] is not eligible for getting processed by all BeanPostProcessors (for example: not eligible for auto-proxying)
2021-07-18 00:10:41.170 [main] INFO  c.a.d.s.b.a.DruidDataSourceAutoConfigure - Init DruidDataSource
2021-07-18 00:10:42.630 [main] INFO  com.alibaba.druid.pool.DruidDataSource - {dataSource-1} inited
2021-07-18 00:10:44.697 [main] INFO  com.learn.config.ActivitiConfiguration - > Registering new user: salaboy with the following Authorities[[ROLE_ACTIVITI_USER, GROUP_activitiTeam]]
2021-07-18 00:10:44.819 [main] INFO  com.learn.config.ActivitiConfiguration - > Registering new user: ryandawsonuk with the following Authorities[[ROLE_ACTIVITI_USER, GROUP_activitiTeam]]
2021-07-18 00:10:44.894 [main] INFO  com.learn.config.ActivitiConfiguration - > Registering new user: erdemedeiros with the following Authorities[[ROLE_ACTIVITI_USER, GROUP_activitiTeam]]
2021-07-18 00:10:44.970 [main] INFO  com.learn.config.ActivitiConfiguration - > Registering new user: other with the following Authorities[[ROLE_ACTIVITI_USER, GROUP_otherTeam]]
2021-07-18 00:10:45.045 [main] INFO  com.learn.config.ActivitiConfiguration - > Registering new user: admin with the following Authorities[[ROLE_ACTIVITI_ADMIN]]
2021-07-18 00:10:48.071 [main] INFO  o.a.spring.boot.ProcessDefinitionResourceFinder - The following process definition files will be deployed: [account.bpmn]
2021-07-18 00:10:48.822 [main] INFO  o.a.engine.impl.cfg.ProcessEngineConfigurationImpl - Found 1 Process Engine Configurators in total:
2021-07-18 00:10:48.824 [main] INFO  o.a.engine.impl.cfg.ProcessEngineConfigurationImpl - class org.activiti.spring.process.autoconfigure.ProcessExtensionsConfiguratorAutoConfiguration$$EnhancerBySpringCGLIB$$22c8d4d7 (priority:10000)
2021-07-18 00:10:48.824 [main] INFO  o.a.engine.impl.cfg.ProcessEngineConfigurationImpl - Executing beforeInit() of class org.activiti.spring.process.autoconfigure.ProcessExtensionsConfiguratorAutoConfiguration$$EnhancerBySpringCGLIB$$22c8d4d7 (priority:10000)
2021-07-18 00:10:49.765 [main] INFO  o.a.engine.impl.cfg.ProcessEngineConfigurationImpl - Executing configure() of class org.activiti.spring.process.autoconfigure.ProcessExtensionsConfiguratorAutoConfiguration$$EnhancerBySpringCGLIB$$22c8d4d7 (priority:10000)
2021-07-18 00:10:50.142 [main] INFO  org.activiti.engine.impl.ProcessEngineImpl - ProcessEngine default created
2021-07-18 00:10:50.224 [main] INFO  o.s.b.actuate.endpoint.web.EndpointLinksResolver - Exposing 1 endpoint(s) beneath base path '/actuator'
2021-07-18 00:10:51.916 [main] INFO  o.s.security.web.DefaultSecurityFilterChain - Will secure any request with [org.springframework.security.web.context.request.async.WebAsyncManagerIntegrationFilter@7d741200, org.springframework.security.web.context.SecurityContextPersistenceFilter@5da41d02, org.springframework.security.web.header.HeaderWriterFilter@7fb2645b, org.springframework.web.filter.CorsFilter@36e11b60, org.springframework.security.web.csrf.CsrfFilter@2d91147b, org.springframework.security.web.authentication.logout.LogoutFilter@33de9d85, org.springframework.security.web.authentication.UsernamePasswordAuthenticationFilter@7e8f97dd, org.springframework.security.web.authentication.ui.DefaultLoginPageGeneratingFilter@24455d50, org.springframework.security.web.authentication.ui.DefaultLogoutPageGeneratingFilter@71d8794f, org.springframework.security.web.authentication.www.BasicAuthenticationFilter@969c2f9, org.springframework.security.web.savedrequest.RequestCacheAwareFilter@4e77f29e, org.springframework.security.web.servletapi.SecurityContextHolderAwareRequestFilter@6768dc74, org.springframework.security.web.authentication.AnonymousAuthenticationFilter@6af02de0, org.springframework.security.web.session.SessionManagementFilter@380e470a, org.springframework.security.web.access.ExceptionTranslationFilter@7c7a4986, org.springframework.security.web.access.intercept.FilterSecurityInterceptor@3d96b8fb]
2021-07-18 00:10:52.590 [main] INFO  com.learn.activiti.Demo01 - Started Demo01 in 15.612 seconds (JVM running for 17.127)
2021-07-18 00:10:53.368 [SpringApplicationShutdownHook] INFO  com.alibaba.druid.pool.DruidDataSource - {dataSource-1} closing ...
2021-07-18 00:10:53.384 [SpringApplicationShutdownHook] INFO  com.alibaba.druid.pool.DruidDataSource - {dataSource-1} closed
2021-07-18 00:15:03.528 [main] INFO  com.learn.activiti.Demo01 - Starting Demo01 using Java 1.8.0_282 on DESKTOP-I2EKN4T with PID 19368 (started by wangxl in E:\Java\learn)
2021-07-18 00:15:03.529 [main] INFO  com.learn.activiti.Demo01 - The following profiles are active: activiti
2021-07-18 00:15:07.149 [main] INFO  o.s.c.s.PostProcessorRegistrationDelegate$BeanPostProcessorChecker - Bean 'org.springframework.security.access.expression.method.DefaultMethodSecurityExpressionHandler@60f9dc7e' of type [org.springframework.security.access.expression.method.DefaultMethodSecurityExpressionHandler] is not eligible for getting processed by all BeanPostProcessors (for example: not eligible for auto-proxying)
2021-07-18 00:15:07.166 [main] INFO  o.s.c.s.PostProcessorRegistrationDelegate$BeanPostProcessorChecker - Bean 'methodSecurityConfig' of type [org.activiti.spring.boot.MethodSecurityConfig$$EnhancerBySpringCGLIB$$71b5499] is not eligible for getting processed by all BeanPostProcessors (for example: not eligible for auto-proxying)
2021-07-18 00:15:07.198 [main] INFO  o.s.c.s.PostProcessorRegistrationDelegate$BeanPostProcessorChecker - Bean 'methodSecurityMetadataSource' of type [org.springframework.security.access.method.DelegatingMethodSecurityMetadataSource] is not eligible for getting processed by all BeanPostProcessors (for example: not eligible for auto-proxying)
2021-07-18 00:15:07.387 [main] INFO  c.a.d.s.b.a.DruidDataSourceAutoConfigure - Init DruidDataSource
2021-07-18 00:15:08.868 [main] INFO  com.alibaba.druid.pool.DruidDataSource - {dataSource-1} inited
2021-07-18 00:15:10.900 [main] INFO  com.learn.config.ActivitiConfiguration - > Registering new user: salaboy with the following Authorities[[ROLE_ACTIVITI_USER, GROUP_activitiTeam]]
2021-07-18 00:15:11.005 [main] INFO  com.learn.config.ActivitiConfiguration - > Registering new user: ryandawsonuk with the following Authorities[[ROLE_ACTIVITI_USER, GROUP_activitiTeam]]
2021-07-18 00:15:11.085 [main] INFO  com.learn.config.ActivitiConfiguration - > Registering new user: erdemedeiros with the following Authorities[[ROLE_ACTIVITI_USER, GROUP_activitiTeam]]
2021-07-18 00:15:11.160 [main] INFO  com.learn.config.ActivitiConfiguration - > Registering new user: other with the following Authorities[[ROLE_ACTIVITI_USER, GROUP_otherTeam]]
2021-07-18 00:15:11.237 [main] INFO  com.learn.config.ActivitiConfiguration - > Registering new user: admin with the following Authorities[[ROLE_ACTIVITI_ADMIN]]
2021-07-18 00:15:14.359 [main] INFO  o.a.spring.boot.ProcessDefinitionResourceFinder - The following process definition files will be deployed: [account.bpmn]
2021-07-18 00:15:15.147 [main] INFO  o.a.engine.impl.cfg.ProcessEngineConfigurationImpl - Found 1 Process Engine Configurators in total:
2021-07-18 00:15:15.150 [main] INFO  o.a.engine.impl.cfg.ProcessEngineConfigurationImpl - class org.activiti.spring.process.autoconfigure.ProcessExtensionsConfiguratorAutoConfiguration$$EnhancerBySpringCGLIB$$58177c37 (priority:10000)
2021-07-18 00:15:15.151 [main] INFO  o.a.engine.impl.cfg.ProcessEngineConfigurationImpl - Executing beforeInit() of class org.activiti.spring.process.autoconfigure.ProcessExtensionsConfiguratorAutoConfiguration$$EnhancerBySpringCGLIB$$58177c37 (priority:10000)
2021-07-18 00:15:16.076 [main] INFO  o.a.engine.impl.cfg.ProcessEngineConfigurationImpl - Executing configure() of class org.activiti.spring.process.autoconfigure.ProcessExtensionsConfiguratorAutoConfiguration$$EnhancerBySpringCGLIB$$58177c37 (priority:10000)
2021-07-18 00:15:16.435 [main] INFO  org.activiti.engine.impl.ProcessEngineImpl - ProcessEngine default created
2021-07-18 00:15:16.511 [main] INFO  o.s.b.actuate.endpoint.web.EndpointLinksResolver - Exposing 1 endpoint(s) beneath base path '/actuator'
2021-07-18 00:15:18.355 [main] INFO  o.s.security.web.DefaultSecurityFilterChain - Will secure any request with [org.springframework.security.web.context.request.async.WebAsyncManagerIntegrationFilter@1ae26c59, org.springframework.security.web.context.SecurityContextPersistenceFilter@1a4564a2, org.springframework.security.web.header.HeaderWriterFilter@1299fed3, org.springframework.web.filter.CorsFilter@15ade272, org.springframework.security.web.csrf.CsrfFilter@f047670, org.springframework.security.web.authentication.logout.LogoutFilter@1a598e30, org.springframework.security.web.authentication.UsernamePasswordAuthenticationFilter@31d8352e, org.springframework.security.web.authentication.ui.DefaultLoginPageGeneratingFilter@31dbca5d, org.springframework.security.web.authentication.ui.DefaultLogoutPageGeneratingFilter@225890bc, org.springframework.security.web.authentication.www.BasicAuthenticationFilter@34907a49, org.springframework.security.web.savedrequest.RequestCacheAwareFilter@4b8ac512, org.springframework.security.web.servletapi.SecurityContextHolderAwareRequestFilter@69c335c4, org.springframework.security.web.authentication.AnonymousAuthenticationFilter@d426e01, org.springframework.security.web.session.SessionManagementFilter@4cb87009, org.springframework.security.web.access.ExceptionTranslationFilter@2d91147b, org.springframework.security.web.access.intercept.FilterSecurityInterceptor@e38d655]
2021-07-18 00:15:18.979 [main] INFO  com.learn.activiti.Demo01 - Started Demo01 in 16.122 seconds (JVM running for 17.581)
2021-07-18 00:15:19.488 [SpringApplicationShutdownHook] INFO  com.alibaba.druid.pool.DruidDataSource - {dataSource-1} closing ...
2021-07-18 00:15:19.496 [SpringApplicationShutdownHook] INFO  com.alibaba.druid.pool.DruidDataSource - {dataSource-1} closed
2021-07-18 00:15:53.193 [main] INFO  com.learn.activiti.Demo01 - Starting Demo01 using Java 1.8.0_282 on DESKTOP-I2EKN4T with PID 18480 (started by wangxl in E:\Java\learn)
2021-07-18 00:15:53.194 [main] INFO  com.learn.activiti.Demo01 - The following profiles are active: activiti
2021-07-18 00:15:56.325 [main] INFO  o.s.c.s.PostProcessorRegistrationDelegate$BeanPostProcessorChecker - Bean 'org.springframework.security.access.expression.method.DefaultMethodSecurityExpressionHandler@2299d903' of type [org.springframework.security.access.expression.method.DefaultMethodSecurityExpressionHandler] is not eligible for getting processed by all BeanPostProcessors (for example: not eligible for auto-proxying)
2021-07-18 00:15:56.338 [main] INFO  o.s.c.s.PostProcessorRegistrationDelegate$BeanPostProcessorChecker - Bean 'methodSecurityConfig' of type [org.activiti.spring.boot.MethodSecurityConfig$$EnhancerBySpringCGLIB$$d1ccad39] is not eligible for getting processed by all BeanPostProcessors (for example: not eligible for auto-proxying)
2021-07-18 00:15:56.367 [main] INFO  o.s.c.s.PostProcessorRegistrationDelegate$BeanPostProcessorChecker - Bean 'methodSecurityMetadataSource' of type [org.springframework.security.access.method.DelegatingMethodSecurityMetadataSource] is not eligible for getting processed by all BeanPostProcessors (for example: not eligible for auto-proxying)
2021-07-18 00:15:56.558 [main] INFO  c.a.d.s.b.a.DruidDataSourceAutoConfigure - Init DruidDataSource
2021-07-18 00:15:57.983 [main] INFO  com.alibaba.druid.pool.DruidDataSource - {dataSource-1} inited
2021-07-18 00:16:00.101 [main] INFO  com.learn.config.ActivitiConfiguration - > Registering new user: salaboy with the following Authorities[[ROLE_ACTIVITI_USER, GROUP_activitiTeam]]
2021-07-18 00:16:00.194 [main] INFO  com.learn.config.ActivitiConfiguration - > Registering new user: ryandawsonuk with the following Authorities[[ROLE_ACTIVITI_USER, GROUP_activitiTeam]]
2021-07-18 00:16:00.271 [main] INFO  com.learn.config.ActivitiConfiguration - > Registering new user: erdemedeiros with the following Authorities[[ROLE_ACTIVITI_USER, GROUP_activitiTeam]]
2021-07-18 00:16:00.350 [main] INFO  com.learn.config.ActivitiConfiguration - > Registering new user: other with the following Authorities[[ROLE_ACTIVITI_USER, GROUP_otherTeam]]
2021-07-18 00:16:00.425 [main] INFO  com.learn.config.ActivitiConfiguration - > Registering new user: admin with the following Authorities[[ROLE_ACTIVITI_ADMIN]]
2021-07-18 00:16:03.510 [main] INFO  o.a.spring.boot.ProcessDefinitionResourceFinder - The following process definition files will be deployed: [account.bpmn]
2021-07-18 00:16:04.253 [main] INFO  o.a.engine.impl.cfg.ProcessEngineConfigurationImpl - Found 1 Process Engine Configurators in total:
2021-07-18 00:16:04.255 [main] INFO  o.a.engine.impl.cfg.ProcessEngineConfigurationImpl - class org.activiti.spring.process.autoconfigure.ProcessExtensionsConfiguratorAutoConfiguration$$EnhancerBySpringCGLIB$$22c8d4d7 (priority:10000)
2021-07-18 00:16:04.255 [main] INFO  o.a.engine.impl.cfg.ProcessEngineConfigurationImpl - Executing beforeInit() of class org.activiti.spring.process.autoconfigure.ProcessExtensionsConfiguratorAutoConfiguration$$EnhancerBySpringCGLIB$$22c8d4d7 (priority:10000)
2021-07-18 00:16:05.126 [main] INFO  o.a.engine.impl.cfg.ProcessEngineConfigurationImpl - Executing configure() of class org.activiti.spring.process.autoconfigure.ProcessExtensionsConfiguratorAutoConfiguration$$EnhancerBySpringCGLIB$$22c8d4d7 (priority:10000)
2021-07-18 00:16:05.461 [main] INFO  org.activiti.engine.impl.ProcessEngineImpl - ProcessEngine default created
2021-07-18 00:16:05.540 [main] INFO  o.s.b.actuate.endpoint.web.EndpointLinksResolver - Exposing 1 endpoint(s) beneath base path '/actuator'
2021-07-18 00:16:07.325 [main] INFO  o.s.security.web.DefaultSecurityFilterChain - Will secure any request with [org.springframework.security.web.context.request.async.WebAsyncManagerIntegrationFilter@3c1ef806, org.springframework.security.web.context.SecurityContextPersistenceFilter@380e470a, org.springframework.security.web.header.HeaderWriterFilter@29280ca6, org.springframework.web.filter.CorsFilter@969c2f9, org.springframework.security.web.csrf.CsrfFilter@2d732cda, org.springframework.security.web.authentication.logout.LogoutFilter@1e205025, org.springframework.security.web.authentication.UsernamePasswordAuthenticationFilter@225890bc, org.springframework.security.web.authentication.ui.DefaultLoginPageGeneratingFilter@64096a41, org.springframework.security.web.authentication.ui.DefaultLogoutPageGeneratingFilter@7bbc11ed, org.springframework.security.web.authentication.www.BasicAuthenticationFilter@3e8995cc, org.springframework.security.web.savedrequest.RequestCacheAwareFilter@7b45f7ef, org.springframework.security.web.servletapi.SecurityContextHolderAwareRequestFilter@17d837ab, org.springframework.security.web.authentication.AnonymousAuthenticationFilter@7d741200, org.springframework.security.web.session.SessionManagementFilter@32d3b965, org.springframework.security.web.access.ExceptionTranslationFilter@4b20a8e4, org.springframework.security.web.access.intercept.FilterSecurityInterceptor@29612ee2]
2021-07-18 00:16:07.956 [main] INFO  com.learn.activiti.Demo01 - Started Demo01 in 15.411 seconds (JVM running for 16.919)
2021-07-18 00:16:08.623 [SpringApplicationShutdownHook] INFO  com.alibaba.druid.pool.DruidDataSource - {dataSource-1} closing ...
2021-07-18 00:16:08.632 [SpringApplicationShutdownHook] INFO  com.alibaba.druid.pool.DruidDataSource - {dataSource-1} closed
2021-07-18 00:16:48.564 [main] INFO  com.learn.activiti.Demo01 - Starting Demo01 using Java 1.8.0_282 on DESKTOP-I2EKN4T with PID 18492 (started by wangxl in E:\Java\learn)
2021-07-18 00:16:48.566 [main] INFO  com.learn.activiti.Demo01 - The following profiles are active: activiti
2021-07-18 00:16:51.682 [main] INFO  o.s.c.s.PostProcessorRegistrationDelegate$BeanPostProcessorChecker - Bean 'org.springframework.security.access.expression.method.DefaultMethodSecurityExpressionHandler@503556cb' of type [org.springframework.security.access.expression.method.DefaultMethodSecurityExpressionHandler] is not eligible for getting processed by all BeanPostProcessors (for example: not eligible for auto-proxying)
2021-07-18 00:16:51.696 [main] INFO  o.s.c.s.PostProcessorRegistrationDelegate$BeanPostProcessorChecker - Bean 'methodSecurityConfig' of type [org.activiti.spring.boot.MethodSecurityConfig$$EnhancerBySpringCGLIB$$4a2503a8] is not eligible for getting processed by all BeanPostProcessors (for example: not eligible for auto-proxying)
2021-07-18 00:16:51.727 [main] INFO  o.s.c.s.PostProcessorRegistrationDelegate$BeanPostProcessorChecker - Bean 'methodSecurityMetadataSource' of type [org.springframework.security.access.method.DelegatingMethodSecurityMetadataSource] is not eligible for getting processed by all BeanPostProcessors (for example: not eligible for auto-proxying)
2021-07-18 00:16:51.934 [main] INFO  c.a.d.s.b.a.DruidDataSourceAutoConfigure - Init DruidDataSource
2021-07-18 00:16:53.354 [main] INFO  com.alibaba.druid.pool.DruidDataSource - {dataSource-1} inited
2021-07-18 00:16:55.351 [main] INFO  com.learn.config.ActivitiConfiguration - > Registering new user: salaboy with the following Authorities[[ROLE_ACTIVITI_USER, GROUP_activitiTeam]]
2021-07-18 00:16:55.448 [main] INFO  com.learn.config.ActivitiConfiguration - > Registering new user: ryandawsonuk with the following Authorities[[ROLE_ACTIVITI_USER, GROUP_activitiTeam]]
2021-07-18 00:16:55.532 [main] INFO  com.learn.config.ActivitiConfiguration - > Registering new user: erdemedeiros with the following Authorities[[ROLE_ACTIVITI_USER, GROUP_activitiTeam]]
2021-07-18 00:16:55.621 [main] INFO  com.learn.config.ActivitiConfiguration - > Registering new user: other with the following Authorities[[ROLE_ACTIVITI_USER, GROUP_otherTeam]]
2021-07-18 00:16:55.710 [main] INFO  com.learn.config.ActivitiConfiguration - > Registering new user: admin with the following Authorities[[ROLE_ACTIVITI_ADMIN]]
2021-07-18 00:16:58.879 [main] INFO  o.a.spring.boot.ProcessDefinitionResourceFinder - The following process definition files will be deployed: [account.bpmn]
2021-07-18 00:16:59.619 [main] INFO  o.a.engine.impl.cfg.ProcessEngineConfigurationImpl - Found 1 Process Engine Configurators in total:
2021-07-18 00:16:59.621 [main] INFO  o.a.engine.impl.cfg.ProcessEngineConfigurationImpl - class org.activiti.spring.process.autoconfigure.ProcessExtensionsConfiguratorAutoConfiguration$$EnhancerBySpringCGLIB$$9b212b46 (priority:10000)
2021-07-18 00:16:59.621 [main] INFO  o.a.engine.impl.cfg.ProcessEngineConfigurationImpl - Executing beforeInit() of class org.activiti.spring.process.autoconfigure.ProcessExtensionsConfiguratorAutoConfiguration$$EnhancerBySpringCGLIB$$9b212b46 (priority:10000)
2021-07-18 00:17:00.493 [main] INFO  o.a.engine.impl.cfg.ProcessEngineConfigurationImpl - Executing configure() of class org.activiti.spring.process.autoconfigure.ProcessExtensionsConfiguratorAutoConfiguration$$EnhancerBySpringCGLIB$$9b212b46 (priority:10000)
2021-07-18 00:17:00.846 [main] INFO  org.activiti.engine.impl.ProcessEngineImpl - ProcessEngine default created
2021-07-18 00:17:00.926 [main] INFO  o.s.b.actuate.endpoint.web.EndpointLinksResolver - Exposing 1 endpoint(s) beneath base path '/actuator'
2021-07-18 00:17:02.629 [main] INFO  o.s.security.web.DefaultSecurityFilterChain - Will secure any request with [org.springframework.security.web.context.request.async.WebAsyncManagerIntegrationFilter@585718dd, org.springframework.security.web.context.SecurityContextPersistenceFilter@4b20a8e4, org.springframework.security.web.header.HeaderWriterFilter@58922a00, org.springframework.web.filter.CorsFilter@5a644d75, org.springframework.security.web.csrf.CsrfFilter@9120cb5, org.springframework.security.web.authentication.logout.LogoutFilter@7fd3c38b, org.springframework.security.web.authentication.UsernamePasswordAuthenticationFilter@7da0587a, org.springframework.security.web.authentication.ui.DefaultLoginPageGeneratingFilter@25031fd4, org.springframework.security.web.authentication.ui.DefaultLogoutPageGeneratingFilter@6347f9cc, org.springframework.security.web.authentication.www.BasicAuthenticationFilter@183435c0, org.springframework.security.web.savedrequest.RequestCacheAwareFilter@29280ca6, org.springframework.security.web.servletapi.SecurityContextHolderAwareRequestFilter@32d3b965, org.springframework.security.web.authentication.AnonymousAuthenticationFilter@268f126f, org.springframework.security.web.session.SessionManagementFilter@6f09cb98, org.springframework.security.web.access.ExceptionTranslationFilter@157267db, org.springframework.security.web.access.intercept.FilterSecurityInterceptor@2bbaf1bc]
2021-07-18 00:17:03.264 [main] INFO  com.learn.activiti.Demo01 - Started Demo01 in 15.376 seconds (JVM running for 16.809)
2021-07-18 00:17:03.807 [SpringApplicationShutdownHook] INFO  com.alibaba.druid.pool.DruidDataSource - {dataSource-1} closing ...
2021-07-18 00:17:03.816 [SpringApplicationShutdownHook] INFO  com.alibaba.druid.pool.DruidDataSource - {dataSource-1} closed
2021-07-18 09:00:47.745 [restartedMain] INFO  com.learn.LearnApplication - Starting LearnApplication using Java 1.8.0_282 on DESKTOP-I2EKN4T with PID 6236 (E:\Java\learn\target\classes started by wangxl in E:\Java\learn)
2021-07-18 09:00:47.747 [restartedMain] INFO  com.learn.LearnApplication - The following profiles are active: activiti
2021-07-18 09:00:47.801 [restartedMain] INFO  o.s.boot.devtools.restart.ChangeableUrls - The Class-Path manifest attribute in E:\resource\xalan\xalan\2.7.2\xalan-2.7.2.jar referenced one or more files that do not exist: file:/E:/resource/xalan/xalan/2.7.2/xercesImpl.jar,file:/E:/resource/xalan/xalan/2.7.2/xml-apis.jar,file:/E:/resource/xalan/xalan/2.7.2/serializer.jar
2021-07-18 09:00:47.801 [restartedMain] INFO  o.s.boot.devtools.restart.ChangeableUrls - The Class-Path manifest attribute in E:\resource\xalan\serializer\2.7.2\serializer-2.7.2.jar referenced one or more files that do not exist: file:/E:/resource/xalan/serializer/2.7.2/xml-apis.jar
2021-07-18 09:00:50.489 [restartedMain] INFO  o.s.c.s.PostProcessorRegistrationDelegate$BeanPostProcessorChecker - Bean 'org.springframework.security.access.expression.method.DefaultMethodSecurityExpressionHandler@5cb9f7a' of type [org.springframework.security.access.expression.method.DefaultMethodSecurityExpressionHandler] is not eligible for getting processed by all BeanPostProcessors (for example: not eligible for auto-proxying)
2021-07-18 09:00:50.492 [restartedMain] INFO  o.s.c.s.PostProcessorRegistrationDelegate$BeanPostProcessorChecker - Bean 'methodSecurityConfig' of type [org.activiti.spring.boot.MethodSecurityConfig$$EnhancerBySpringCGLIB$$f6d7d4db] is not eligible for getting processed by all BeanPostProcessors (for example: not eligible for auto-proxying)
2021-07-18 09:00:50.501 [restartedMain] INFO  o.s.c.s.PostProcessorRegistrationDelegate$BeanPostProcessorChecker - Bean 'methodSecurityMetadataSource' of type [org.springframework.security.access.method.DelegatingMethodSecurityMetadataSource] is not eligible for getting processed by all BeanPostProcessors (for example: not eligible for auto-proxying)
2021-07-18 09:00:50.770 [restartedMain] INFO  o.s.boot.web.embedded.tomcat.TomcatWebServer - Tomcat initialized with port(s): 8088 (http)
2021-07-18 09:00:50.779 [restartedMain] INFO  org.apache.coyote.http11.Http11NioProtocol - Initializing ProtocolHandler ["http-nio-8088"]
2021-07-18 09:00:50.780 [restartedMain] INFO  org.apache.catalina.core.StandardService - Starting service [Tomcat]
2021-07-18 09:00:50.780 [restartedMain] INFO  org.apache.catalina.core.StandardEngine - Starting Servlet engine: [Apache Tomcat/9.0.48]
2021-07-18 09:00:50.917 [restartedMain] INFO  o.a.c.core.ContainerBase.[Tomcat].[localhost].[/] - Initializing Spring embedded WebApplicationContext
2021-07-18 09:00:50.917 [restartedMain] INFO  o.s.b.w.s.c.ServletWebServerApplicationContext - Root WebApplicationContext: initialization completed in 3115 ms
2021-07-18 09:00:51.180 [restartedMain] INFO  c.a.d.s.b.a.DruidDataSourceAutoConfigure - Init DruidDataSource
2021-07-18 09:00:51.893 [restartedMain] INFO  com.alibaba.druid.pool.DruidDataSource - {dataSource-1} inited
2021-07-18 09:00:54.206 [restartedMain] INFO  o.s.b.a.s.s.UserDetailsServiceAutoConfiguration - 

Using generated security password: bec19a59-fa26-4440-aabd-051c94d56487

2021-07-18 09:00:57.058 [restartedMain] INFO  o.a.spring.boot.ProcessDefinitionResourceFinder - The following process definition files will be deployed: [account.bpmn]
2021-07-18 09:00:58.078 [restartedMain] INFO  o.a.engine.impl.cfg.ProcessEngineConfigurationImpl - Found 1 Process Engine Configurators in total:
2021-07-18 09:00:58.081 [restartedMain] INFO  o.a.engine.impl.cfg.ProcessEngineConfigurationImpl - class org.activiti.spring.process.autoconfigure.ProcessExtensionsConfiguratorAutoConfiguration$$EnhancerBySpringCGLIB$$47d3fc79 (priority:10000)
2021-07-18 09:00:58.081 [restartedMain] INFO  o.a.engine.impl.cfg.ProcessEngineConfigurationImpl - Executing beforeInit() of class org.activiti.spring.process.autoconfigure.ProcessExtensionsConfiguratorAutoConfiguration$$EnhancerBySpringCGLIB$$47d3fc79 (priority:10000)
2021-07-18 09:00:58.661 [restartedMain] INFO  o.a.engine.impl.cfg.ProcessEngineConfigurationImpl - Executing configure() of class org.activiti.spring.process.autoconfigure.ProcessExtensionsConfiguratorAutoConfiguration$$EnhancerBySpringCGLIB$$47d3fc79 (priority:10000)
2021-07-18 09:00:58.817 [restartedMain] INFO  org.activiti.engine.impl.ProcessEngineImpl - ProcessEngine default created
2021-07-18 09:00:58.914 [restartedMain] INFO  o.s.b.actuate.endpoint.web.EndpointLinksResolver - Exposing 1 endpoint(s) beneath base path '/actuator'
2021-07-18 09:00:59.094 [restartedMain] INFO  o.s.b.d.autoconfigure.OptionalLiveReloadServer - LiveReload server is running on port 35729
2021-07-18 09:00:59.652 [restartedMain] INFO  o.s.security.web.DefaultSecurityFilterChain - Will secure any request with [org.springframework.security.web.context.request.async.WebAsyncManagerIntegrationFilter@3f688db1, org.springframework.security.web.context.SecurityContextPersistenceFilter@8c35114, org.springframework.security.web.header.HeaderWriterFilter@763979cf, org.springframework.web.filter.CorsFilter@3ebb8d8d, org.springframework.security.web.csrf.CsrfFilter@f799c2d, org.springframework.security.web.authentication.logout.LogoutFilter@7910d693, org.springframework.security.web.authentication.UsernamePasswordAuthenticationFilter@7e6c69e8, org.springframework.security.web.authentication.ui.DefaultLoginPageGeneratingFilter@51aedd9c, org.springframework.security.web.authentication.ui.DefaultLogoutPageGeneratingFilter@7a14b013, org.springframework.security.web.authentication.www.BasicAuthenticationFilter@58e39118, org.springframework.security.web.savedrequest.RequestCacheAwareFilter@5a7dd5a7, org.springframework.security.web.servletapi.SecurityContextHolderAwareRequestFilter@305e1bcf, org.springframework.security.web.authentication.AnonymousAuthenticationFilter@19048712, org.springframework.security.web.session.SessionManagementFilter@1d5a0b77, org.springframework.security.web.access.ExceptionTranslationFilter@6ede6a5d, org.springframework.security.web.access.intercept.FilterSecurityInterceptor@7437f195]
2021-07-18 09:00:59.799 [restartedMain] INFO  org.apache.coyote.http11.Http11NioProtocol - Starting ProtocolHandler ["http-nio-8088"]
2021-07-18 09:00:59.816 [restartedMain] INFO  o.s.boot.web.embedded.tomcat.TomcatWebServer - Tomcat started on port(s): 8088 (http) with context path ''
2021-07-18 09:01:00.061 [restartedMain] INFO  com.learn.LearnApplication - Started LearnApplication in 12.992 seconds (JVM running for 15.249)
2021-07-18 09:01:00.407 [RMI TCP Connection(1)-192.168.23.1] INFO  o.a.c.core.ContainerBase.[Tomcat].[localhost].[/] - Initializing Spring DispatcherServlet 'dispatcherServlet'
2021-07-18 09:01:00.407 [RMI TCP Connection(1)-192.168.23.1] INFO  org.springframework.web.servlet.DispatcherServlet - Initializing Servlet 'dispatcherServlet'
2021-07-18 09:01:00.411 [RMI TCP Connection(1)-192.168.23.1] INFO  org.springframework.web.servlet.DispatcherServlet - Completed initialization in 4 ms
2021-07-18 09:03:29.306 [Thread-27] INFO  com.alibaba.druid.pool.DruidDataSource - {dataSource-1} closing ...
2021-07-18 09:03:29.315 [Thread-27] INFO  com.alibaba.druid.pool.DruidDataSource - {dataSource-1} closed
2021-07-18 09:03:29.597 [restartedMain] INFO  com.learn.LearnApplication - Starting LearnApplication using Java 1.8.0_282 on DESKTOP-I2EKN4T with PID 6236 (E:\Java\learn\target\classes started by wangxl in E:\Java\learn)
2021-07-18 09:03:29.597 [restartedMain] INFO  com.learn.LearnApplication - The following profiles are active: activiti
2021-07-18 09:03:32.275 [restartedMain] INFO  o.s.c.s.PostProcessorRegistrationDelegate$BeanPostProcessorChecker - Bean 'org.springframework.security.access.expression.method.DefaultMethodSecurityExpressionHandler@3f1a6137' of type [org.springframework.security.access.expression.method.DefaultMethodSecurityExpressionHandler] is not eligible for getting processed by all BeanPostProcessors (for example: not eligible for auto-proxying)
2021-07-18 09:03:32.277 [restartedMain] INFO  o.s.c.s.PostProcessorRegistrationDelegate$BeanPostProcessorChecker - Bean 'methodSecurityConfig' of type [org.activiti.spring.boot.MethodSecurityConfig$$EnhancerBySpringCGLIB$$f6d7d4db] is not eligible for getting processed by all BeanPostProcessors (for example: not eligible for auto-proxying)
2021-07-18 09:03:32.281 [restartedMain] INFO  o.s.c.s.PostProcessorRegistrationDelegate$BeanPostProcessorChecker - Bean 'methodSecurityMetadataSource' of type [org.springframework.security.access.method.DelegatingMethodSecurityMetadataSource] is not eligible for getting processed by all BeanPostProcessors (for example: not eligible for auto-proxying)
2021-07-18 09:03:32.376 [restartedMain] INFO  o.s.boot.web.embedded.tomcat.TomcatWebServer - Tomcat initialized with port(s): 8088 (http)
2021-07-18 09:03:32.378 [restartedMain] INFO  org.apache.coyote.http11.Http11NioProtocol - Initializing ProtocolHandler ["http-nio-8088"]
2021-07-18 09:03:32.379 [restartedMain] INFO  org.apache.catalina.core.StandardService - Starting service [Tomcat]
2021-07-18 09:03:32.380 [restartedMain] INFO  org.apache.catalina.core.StandardEngine - Starting Servlet engine: [Apache Tomcat/9.0.48]
2021-07-18 09:03:32.482 [restartedMain] INFO  o.a.c.core.ContainerBase.[Tomcat].[localhost].[/] - Initializing Spring embedded WebApplicationContext
2021-07-18 09:03:32.483 [restartedMain] INFO  o.s.b.w.s.c.ServletWebServerApplicationContext - Root WebApplicationContext: initialization completed in 2882 ms
2021-07-18 09:03:32.735 [restartedMain] INFO  c.a.d.s.b.a.DruidDataSourceAutoConfigure - Init DruidDataSource
2021-07-18 09:03:32.891 [restartedMain] INFO  com.alibaba.druid.pool.DruidDataSource - {dataSource-2} inited
2021-07-18 09:03:34.621 [restartedMain] INFO  o.s.b.a.s.s.UserDetailsServiceAutoConfiguration - 

Using generated security password: c1b92e31-9b2e-4ada-8394-081dd652b325

2021-07-18 09:03:38.945 [restartedMain] INFO  o.a.spring.boot.ProcessDefinitionResourceFinder - The following process definition files will be deployed: [account.bpmn]
2021-07-18 09:03:38.966 [restartedMain] INFO  o.a.engine.impl.cfg.ProcessEngineConfigurationImpl - Found 1 Process Engine Configurators in total:
2021-07-18 09:03:38.966 [restartedMain] INFO  o.a.engine.impl.cfg.ProcessEngineConfigurationImpl - class org.activiti.spring.process.autoconfigure.ProcessExtensionsConfiguratorAutoConfiguration$$EnhancerBySpringCGLIB$$47d3fc79 (priority:10000)
2021-07-18 09:03:38.966 [restartedMain] INFO  o.a.engine.impl.cfg.ProcessEngineConfigurationImpl - Executing beforeInit() of class org.activiti.spring.process.autoconfigure.ProcessExtensionsConfiguratorAutoConfiguration$$EnhancerBySpringCGLIB$$47d3fc79 (priority:10000)
2021-07-18 09:03:39.354 [restartedMain] INFO  o.a.engine.impl.cfg.ProcessEngineConfigurationImpl - Executing configure() of class org.activiti.spring.process.autoconfigure.ProcessExtensionsConfiguratorAutoConfiguration$$EnhancerBySpringCGLIB$$47d3fc79 (priority:10000)
2021-07-18 09:03:39.363 [restartedMain] INFO  org.activiti.engine.impl.ProcessEngineImpl - ProcessEngine default created
2021-07-18 09:03:39.392 [restartedMain] INFO  o.s.b.actuate.endpoint.web.EndpointLinksResolver - Exposing 1 endpoint(s) beneath base path '/actuator'
2021-07-18 09:03:39.490 [restartedMain] INFO  o.s.b.d.autoconfigure.OptionalLiveReloadServer - LiveReload server is running on port 35729
2021-07-18 09:03:39.748 [restartedMain] INFO  o.s.security.web.DefaultSecurityFilterChain - Will secure any request with [org.springframework.security.web.context.request.async.WebAsyncManagerIntegrationFilter@11a2cec6, org.springframework.security.web.context.SecurityContextPersistenceFilter@73c6af8, org.springframework.security.web.header.HeaderWriterFilter@b2ae234, org.springframework.web.filter.CorsFilter@58fe358d, org.springframework.security.web.csrf.CsrfFilter@650c5ded, org.springframework.security.web.authentication.logout.LogoutFilter@7af90ab7, org.springframework.security.web.authentication.UsernamePasswordAuthenticationFilter@602a4c6b, org.springframework.security.web.authentication.ui.DefaultLoginPageGeneratingFilter@1640c7e1, org.springframework.security.web.authentication.ui.DefaultLogoutPageGeneratingFilter@6a8563ed, org.springframework.security.web.authentication.www.BasicAuthenticationFilter@2f35f9f8, org.springframework.security.web.savedrequest.RequestCacheAwareFilter@76d770e, org.springframework.security.web.servletapi.SecurityContextHolderAwareRequestFilter@5b0a0e95, org.springframework.security.web.authentication.AnonymousAuthenticationFilter@6affad7c, org.springframework.security.web.session.SessionManagementFilter@58ac2b, org.springframework.security.web.access.ExceptionTranslationFilter@1d73a45d, org.springframework.security.web.access.intercept.FilterSecurityInterceptor@42b17493]
2021-07-18 09:03:39.826 [restartedMain] INFO  org.apache.coyote.http11.Http11NioProtocol - Starting ProtocolHandler ["http-nio-8088"]
2021-07-18 09:03:39.828 [restartedMain] INFO  o.s.boot.web.embedded.tomcat.TomcatWebServer - Tomcat started on port(s): 8088 (http) with context path ''
2021-07-18 09:03:39.902 [restartedMain] INFO  com.learn.LearnApplication - Started LearnApplication in 10.378 seconds (JVM running for 175.091)
2021-07-18 09:03:39.927 [restartedMain] INFO  o.s.b.d.a.ConditionEvaluationDeltaLoggingListener - Condition evaluation unchanged
2021-07-18 09:03:42.326 [Thread-40] INFO  com.alibaba.druid.pool.DruidDataSource - {dataSource-2} closing ...
2021-07-18 09:03:42.332 [Thread-40] INFO  com.alibaba.druid.pool.DruidDataSource - {dataSource-2} closed
2021-07-18 09:03:42.553 [restartedMain] INFO  com.learn.LearnApplication - Starting LearnApplication using Java 1.8.0_282 on DESKTOP-I2EKN4T with PID 6236 (E:\Java\learn\target\classes started by wangxl in E:\Java\learn)
2021-07-18 09:03:42.553 [restartedMain] INFO  com.learn.LearnApplication - The following profiles are active: activiti
2021-07-18 09:03:43.742 [restartedMain] INFO  o.s.c.s.PostProcessorRegistrationDelegate$BeanPostProcessorChecker - Bean 'org.springframework.security.access.expression.method.DefaultMethodSecurityExpressionHandler@199649d4' of type [org.springframework.security.access.expression.method.DefaultMethodSecurityExpressionHandler] is not eligible for getting processed by all BeanPostProcessors (for example: not eligible for auto-proxying)
2021-07-18 09:03:43.744 [restartedMain] INFO  o.s.c.s.PostProcessorRegistrationDelegate$BeanPostProcessorChecker - Bean 'methodSecurityConfig' of type [org.activiti.spring.boot.MethodSecurityConfig$$EnhancerBySpringCGLIB$$f6d7d4db] is not eligible for getting processed by all BeanPostProcessors (for example: not eligible for auto-proxying)
2021-07-18 09:03:43.745 [restartedMain] INFO  o.s.c.s.PostProcessorRegistrationDelegate$BeanPostProcessorChecker - Bean 'methodSecurityMetadataSource' of type [org.springframework.security.access.method.DelegatingMethodSecurityMetadataSource] is not eligible for getting processed by all BeanPostProcessors (for example: not eligible for auto-proxying)
2021-07-18 09:03:43.784 [restartedMain] INFO  o.s.boot.web.embedded.tomcat.TomcatWebServer - Tomcat initialized with port(s): 8088 (http)
2021-07-18 09:03:43.785 [restartedMain] INFO  org.apache.coyote.http11.Http11NioProtocol - Initializing ProtocolHandler ["http-nio-8088"]
2021-07-18 09:03:43.785 [restartedMain] INFO  org.apache.catalina.core.StandardService - Starting service [Tomcat]
2021-07-18 09:03:43.785 [restartedMain] INFO  org.apache.catalina.core.StandardEngine - Starting Servlet engine: [Apache Tomcat/9.0.48]
2021-07-18 09:03:43.864 [restartedMain] INFO  o.a.c.core.ContainerBase.[Tomcat].[localhost].[/] - Initializing Spring embedded WebApplicationContext
2021-07-18 09:03:43.865 [restartedMain] INFO  o.s.b.w.s.c.ServletWebServerApplicationContext - Root WebApplicationContext: initialization completed in 1309 ms
2021-07-18 09:03:43.969 [restartedMain] INFO  c.a.d.s.b.a.DruidDataSourceAutoConfigure - Init DruidDataSource
2021-07-18 09:03:44.067 [restartedMain] INFO  com.alibaba.druid.pool.DruidDataSource - {dataSource-3} inited
2021-07-18 09:03:45.164 [restartedMain] INFO  o.s.b.a.s.s.UserDetailsServiceAutoConfiguration - 

Using generated security password: 2cb8e408-0cd5-44ad-898d-b02fc4de436a

2021-07-18 09:03:47.820 [restartedMain] INFO  o.a.spring.boot.ProcessDefinitionResourceFinder - The following process definition files will be deployed: [account.bpmn]
2021-07-18 09:03:47.844 [restartedMain] INFO  o.a.engine.impl.cfg.ProcessEngineConfigurationImpl - Found 1 Process Engine Configurators in total:
2021-07-18 09:03:47.844 [restartedMain] INFO  o.a.engine.impl.cfg.ProcessEngineConfigurationImpl - class org.activiti.spring.process.autoconfigure.ProcessExtensionsConfiguratorAutoConfiguration$$EnhancerBySpringCGLIB$$47d3fc79 (priority:10000)
2021-07-18 09:03:47.844 [restartedMain] INFO  o.a.engine.impl.cfg.ProcessEngineConfigurationImpl - Executing beforeInit() of class org.activiti.spring.process.autoconfigure.ProcessExtensionsConfiguratorAutoConfiguration$$EnhancerBySpringCGLIB$$47d3fc79 (priority:10000)
2021-07-18 09:03:48.242 [restartedMain] INFO  o.a.engine.impl.cfg.ProcessEngineConfigurationImpl - Executing configure() of class org.activiti.spring.process.autoconfigure.ProcessExtensionsConfiguratorAutoConfiguration$$EnhancerBySpringCGLIB$$47d3fc79 (priority:10000)
2021-07-18 09:03:48.249 [restartedMain] INFO  org.activiti.engine.impl.ProcessEngineImpl - ProcessEngine default created
2021-07-18 09:03:48.277 [restartedMain] INFO  o.s.b.actuate.endpoint.web.EndpointLinksResolver - Exposing 1 endpoint(s) beneath base path '/actuator'
2021-07-18 09:03:48.370 [restartedMain] INFO  o.s.b.d.autoconfigure.OptionalLiveReloadServer - LiveReload server is running on port 35729
2021-07-18 09:03:48.605 [restartedMain] INFO  o.s.security.web.DefaultSecurityFilterChain - Will secure any request with [org.springframework.security.web.context.request.async.WebAsyncManagerIntegrationFilter@11c475f9, org.springframework.security.web.context.SecurityContextPersistenceFilter@76cd347a, org.springframework.security.web.header.HeaderWriterFilter@b492bd8, org.springframework.web.filter.CorsFilter@2c9e145d, org.springframework.security.web.csrf.CsrfFilter@3a4eef26, org.springframework.security.web.authentication.logout.LogoutFilter@6e387a37, org.springframework.security.web.authentication.UsernamePasswordAuthenticationFilter@37d58871, org.springframework.security.web.authentication.ui.DefaultLoginPageGeneratingFilter@507870f6, org.springframework.security.web.authentication.ui.DefaultLogoutPageGeneratingFilter@379387bf, org.springframework.security.web.authentication.www.BasicAuthenticationFilter@51b4ceb3, org.springframework.security.web.savedrequest.RequestCacheAwareFilter@36f101ff, org.springframework.security.web.servletapi.SecurityContextHolderAwareRequestFilter@74a4fb12, org.springframework.security.web.authentication.AnonymousAuthenticationFilter@40a506a8, org.springframework.security.web.session.SessionManagementFilter@3b37dbe5, org.springframework.security.web.access.ExceptionTranslationFilter@44808f8b, org.springframework.security.web.access.intercept.FilterSecurityInterceptor@2343c498]
2021-07-18 09:03:48.689 [restartedMain] INFO  org.apache.coyote.http11.Http11NioProtocol - Starting ProtocolHandler ["http-nio-8088"]
2021-07-18 09:03:48.692 [restartedMain] INFO  o.s.boot.web.embedded.tomcat.TomcatWebServer - Tomcat started on port(s): 8088 (http) with context path ''
2021-07-18 09:03:48.751 [restartedMain] INFO  com.learn.LearnApplication - Started LearnApplication in 6.246 seconds (JVM running for 183.94)
2021-07-18 09:03:48.771 [restartedMain] INFO  o.s.b.d.a.ConditionEvaluationDeltaLoggingListener - Condition evaluation unchanged
2021-07-18 10:01:47.110 [Thread-44] INFO  com.alibaba.druid.pool.DruidDataSource - {dataSource-3} closing ...
2021-07-18 10:01:47.128 [Thread-44] INFO  com.alibaba.druid.pool.DruidDataSource - {dataSource-3} closed
2021-07-18 10:01:47.516 [restartedMain] INFO  com.learn.LearnApplication - Starting LearnApplication using Java 1.8.0_282 on DESKTOP-I2EKN4T with PID 6236 (E:\Java\learn\target\classes started by wangxl in E:\Java\learn)
2021-07-18 10:01:47.516 [restartedMain] INFO  com.learn.LearnApplication - The following profiles are active: activiti
2021-07-18 10:01:48.828 [restartedMain] INFO  o.s.c.s.PostProcessorRegistrationDelegate$BeanPostProcessorChecker - Bean 'org.springframework.security.access.expression.method.DefaultMethodSecurityExpressionHandler@f7af485' of type [org.springframework.security.access.expression.method.DefaultMethodSecurityExpressionHandler] is not eligible for getting processed by all BeanPostProcessors (for example: not eligible for auto-proxying)
2021-07-18 10:01:48.829 [restartedMain] INFO  o.s.c.s.PostProcessorRegistrationDelegate$BeanPostProcessorChecker - Bean 'methodSecurityConfig' of type [org.activiti.spring.boot.MethodSecurityConfig$$EnhancerBySpringCGLIB$$f6d7d4db] is not eligible for getting processed by all BeanPostProcessors (for example: not eligible for auto-proxying)
2021-07-18 10:01:48.831 [restartedMain] INFO  o.s.c.s.PostProcessorRegistrationDelegate$BeanPostProcessorChecker - Bean 'methodSecurityMetadataSource' of type [org.springframework.security.access.method.DelegatingMethodSecurityMetadataSource] is not eligible for getting processed by all BeanPostProcessors (for example: not eligible for auto-proxying)
2021-07-18 10:01:48.880 [restartedMain] INFO  o.s.boot.web.embedded.tomcat.TomcatWebServer - Tomcat initialized with port(s): 8088 (http)
2021-07-18 10:01:48.880 [restartedMain] INFO  org.apache.coyote.http11.Http11NioProtocol - Initializing ProtocolHandler ["http-nio-8088"]
2021-07-18 10:01:48.880 [restartedMain] INFO  org.apache.catalina.core.StandardService - Starting service [Tomcat]
2021-07-18 10:01:48.880 [restartedMain] INFO  org.apache.catalina.core.StandardEngine - Starting Servlet engine: [Apache Tomcat/9.0.48]
2021-07-18 10:01:48.927 [restartedMain] INFO  o.a.c.core.ContainerBase.[Tomcat].[localhost].[/] - Initializing Spring embedded WebApplicationContext
2021-07-18 10:01:48.927 [restartedMain] INFO  o.s.b.w.s.c.ServletWebServerApplicationContext - Root WebApplicationContext: initialization completed in 1408 ms
2021-07-18 10:01:49.014 [restartedMain] INFO  c.a.d.s.b.a.DruidDataSourceAutoConfigure - Init DruidDataSource
2021-07-18 10:01:49.139 [restartedMain] INFO  com.alibaba.druid.pool.DruidDataSource - {dataSource-4} inited
2021-07-18 10:01:50.233 [restartedMain] INFO  o.s.b.a.s.s.UserDetailsServiceAutoConfiguration - 

Using generated security password: 88ecd549-4769-4c44-be7e-dbfb3cc42493

2021-07-18 10:01:52.786 [restartedMain] INFO  o.a.spring.boot.ProcessDefinitionResourceFinder - The following process definition files will be deployed: [account.bpmn]
2021-07-18 10:01:52.811 [restartedMain] INFO  o.a.engine.impl.cfg.ProcessEngineConfigurationImpl - Found 1 Process Engine Configurators in total:
2021-07-18 10:01:52.811 [restartedMain] INFO  o.a.engine.impl.cfg.ProcessEngineConfigurationImpl - class org.activiti.spring.process.autoconfigure.ProcessExtensionsConfiguratorAutoConfiguration$$EnhancerBySpringCGLIB$$47d3fc79 (priority:10000)
2021-07-18 10:01:52.811 [restartedMain] INFO  o.a.engine.impl.cfg.ProcessEngineConfigurationImpl - Executing beforeInit() of class org.activiti.spring.process.autoconfigure.ProcessExtensionsConfiguratorAutoConfiguration$$EnhancerBySpringCGLIB$$47d3fc79 (priority:10000)
2021-07-18 10:01:53.174 [restartedMain] INFO  o.a.engine.impl.cfg.ProcessEngineConfigurationImpl - Executing configure() of class org.activiti.spring.process.autoconfigure.ProcessExtensionsConfiguratorAutoConfiguration$$EnhancerBySpringCGLIB$$47d3fc79 (priority:10000)
2021-07-18 10:01:53.187 [restartedMain] INFO  org.activiti.engine.impl.ProcessEngineImpl - ProcessEngine default created
2021-07-18 10:01:53.226 [restartedMain] INFO  o.s.b.actuate.endpoint.web.EndpointLinksResolver - Exposing 1 endpoint(s) beneath base path '/actuator'
2021-07-18 10:01:53.327 [restartedMain] INFO  o.s.b.d.autoconfigure.OptionalLiveReloadServer - LiveReload server is running on port 35729
2021-07-18 10:01:53.619 [restartedMain] INFO  o.s.security.web.DefaultSecurityFilterChain - Will secure any request with [org.springframework.security.web.context.request.async.WebAsyncManagerIntegrationFilter@5e48ab43, org.springframework.security.web.context.SecurityContextPersistenceFilter@3b539e97, org.springframework.security.web.header.HeaderWriterFilter@556e1b20, org.springframework.web.filter.CorsFilter@5c51611a, org.springframework.security.web.csrf.CsrfFilter@29fb786c, org.springframework.security.web.authentication.logout.LogoutFilter@47109013, org.springframework.security.web.authentication.UsernamePasswordAuthenticationFilter@7eba3b05, org.springframework.security.web.authentication.ui.DefaultLoginPageGeneratingFilter@f53c6fa, org.springframework.security.web.authentication.ui.DefaultLogoutPageGeneratingFilter@739c1b86, org.springframework.security.web.authentication.www.BasicAuthenticationFilter@74c5ea63, org.springframework.security.web.savedrequest.RequestCacheAwareFilter@41a1354e, org.springframework.security.web.servletapi.SecurityContextHolderAwareRequestFilter@64b39141, org.springframework.security.web.authentication.AnonymousAuthenticationFilter@28d16164, org.springframework.security.web.session.SessionManagementFilter@4919a7c0, org.springframework.security.web.access.ExceptionTranslationFilter@3e688c07, org.springframework.security.web.access.intercept.FilterSecurityInterceptor@4e498a4a]
2021-07-18 10:01:53.692 [restartedMain] INFO  org.apache.coyote.http11.Http11NioProtocol - Starting ProtocolHandler ["http-nio-8088"]
2021-07-18 10:01:53.695 [restartedMain] INFO  o.s.boot.web.embedded.tomcat.TomcatWebServer - Tomcat started on port(s): 8088 (http) with context path ''
2021-07-18 10:01:53.776 [restartedMain] INFO  com.learn.LearnApplication - Started LearnApplication in 6.316 seconds (JVM running for 3668.964)
2021-07-18 10:01:53.801 [restartedMain] INFO  o.s.b.d.a.ConditionEvaluationDeltaLoggingListener - Condition evaluation unchanged
2021-07-18 10:07:35.911 [Thread-48] INFO  com.alibaba.druid.pool.DruidDataSource - {dataSource-4} closing ...
2021-07-18 10:07:35.920 [Thread-48] INFO  com.alibaba.druid.pool.DruidDataSource - {dataSource-4} closed
2021-07-18 10:07:36.436 [restartedMain] INFO  com.learn.LearnApplication - Starting LearnApplication using Java 1.8.0_282 on DESKTOP-I2EKN4T with PID 6236 (E:\Java\learn\target\classes started by wangxl in E:\Java\learn)
2021-07-18 10:07:36.437 [restartedMain] INFO  com.learn.LearnApplication - The following profiles are active: activiti
2021-07-18 10:07:38.239 [restartedMain] INFO  o.s.c.s.PostProcessorRegistrationDelegate$BeanPostProcessorChecker - Bean 'org.springframework.security.access.expression.method.DefaultMethodSecurityExpressionHandler@66975bba' of type [org.springframework.security.access.expression.method.DefaultMethodSecurityExpressionHandler] is not eligible for getting processed by all BeanPostProcessors (for example: not eligible for auto-proxying)
2021-07-18 10:07:38.241 [restartedMain] INFO  o.s.c.s.PostProcessorRegistrationDelegate$BeanPostProcessorChecker - Bean 'methodSecurityConfig' of type [org.activiti.spring.boot.MethodSecurityConfig$$EnhancerBySpringCGLIB$$f6d7d4db] is not eligible for getting processed by all BeanPostProcessors (for example: not eligible for auto-proxying)
2021-07-18 10:07:38.242 [restartedMain] INFO  o.s.c.s.PostProcessorRegistrationDelegate$BeanPostProcessorChecker - Bean 'methodSecurityMetadataSource' of type [org.springframework.security.access.method.DelegatingMethodSecurityMetadataSource] is not eligible for getting processed by all BeanPostProcessors (for example: not eligible for auto-proxying)
2021-07-18 10:07:38.284 [restartedMain] INFO  o.s.boot.web.embedded.tomcat.TomcatWebServer - Tomcat initialized with port(s): 8088 (http)
2021-07-18 10:07:38.285 [restartedMain] INFO  org.apache.coyote.http11.Http11NioProtocol - Initializing ProtocolHandler ["http-nio-8088"]
2021-07-18 10:07:38.286 [restartedMain] INFO  org.apache.catalina.core.StandardService - Starting service [Tomcat]
2021-07-18 10:07:38.286 [restartedMain] INFO  org.apache.catalina.core.StandardEngine - Starting Servlet engine: [Apache Tomcat/9.0.48]
2021-07-18 10:07:38.323 [restartedMain] INFO  o.a.c.core.ContainerBase.[Tomcat].[localhost].[/] - Initializing Spring embedded WebApplicationContext
2021-07-18 10:07:38.323 [restartedMain] INFO  o.s.b.w.s.c.ServletWebServerApplicationContext - Root WebApplicationContext: initialization completed in 1881 ms
2021-07-18 10:07:38.403 [restartedMain] INFO  org.apache.catalina.core.StandardService - Stopping service [Tomcat]
2021-07-18 10:07:38.417 [restartedMain] INFO  o.s.b.a.l.ConditionEvaluationReportLoggingListener - 

Error starting ApplicationContext. To display the conditions report re-run your application with 'debug' enabled.
2021-07-18 10:07:40.002 [restartedMain] INFO  com.learn.LearnApplication - Starting LearnApplication using Java 1.8.0_282 on DESKTOP-I2EKN4T with PID 6236 (E:\Java\learn\target\classes started by wangxl in E:\Java\learn)
2021-07-18 10:07:40.003 [restartedMain] INFO  com.learn.LearnApplication - The following profiles are active: activiti
2021-07-18 10:07:41.553 [restartedMain] INFO  com.learn.LearnApplication - Starting LearnApplication using Java 1.8.0_282 on DESKTOP-I2EKN4T with PID 6236 (E:\Java\learn\target\classes started by wangxl in E:\Java\learn)
2021-07-18 10:07:41.553 [restartedMain] INFO  com.learn.LearnApplication - The following profiles are active: activiti
2021-07-18 10:07:46.303 [restartedMain] INFO  com.learn.LearnApplication - Starting LearnApplication using Java 1.8.0_282 on DESKTOP-I2EKN4T with PID 6236 (E:\Java\learn\target\classes started by wangxl in E:\Java\learn)
2021-07-18 10:07:46.303 [restartedMain] INFO  com.learn.LearnApplication - The following profiles are active: activiti
2021-07-18 10:07:51.059 [restartedMain] INFO  com.learn.LearnApplication - Starting LearnApplication using Java 1.8.0_282 on DESKTOP-I2EKN4T with PID 6236 (E:\Java\learn\target\classes started by wangxl in E:\Java\learn)
2021-07-18 10:07:51.059 [restartedMain] INFO  com.learn.LearnApplication - The following profiles are active: activiti
2021-07-18 10:12:05.522 [restartedMain] INFO  com.learn.LearnApplication - Starting LearnApplication using Java 1.8.0_282 on DESKTOP-I2EKN4T with PID 6236 (E:\Java\learn\target\classes started by wangxl in E:\Java\learn)
2021-07-18 10:12:05.522 [restartedMain] INFO  com.learn.LearnApplication - The following profiles are active: activiti
2021-07-18 10:39:30.762 [restartedMain] INFO  com.learn.LearnApplication - Starting LearnApplication using Java 1.8.0_282 on DESKTOP-I2EKN4T with PID 11132 (E:\Java\learn\target\classes started by wangxl in E:\Java\learn)
2021-07-18 10:39:30.766 [restartedMain] INFO  com.learn.LearnApplication - The following profiles are active: dev
2021-07-18 10:39:30.812 [restartedMain] INFO  o.s.boot.devtools.restart.ChangeableUrls - The Class-Path manifest attribute in E:\resource\xalan\xalan\2.7.2\xalan-2.7.2.jar referenced one or more files that do not exist: file:/E:/resource/xalan/xalan/2.7.2/xercesImpl.jar,file:/E:/resource/xalan/xalan/2.7.2/xml-apis.jar,file:/E:/resource/xalan/xalan/2.7.2/serializer.jar
2021-07-18 10:39:30.812 [restartedMain] INFO  o.s.boot.devtools.restart.ChangeableUrls - The Class-Path manifest attribute in E:\resource\xalan\serializer\2.7.2\serializer-2.7.2.jar referenced one or more files that do not exist: file:/E:/resource/xalan/serializer/2.7.2/xml-apis.jar
2021-07-18 10:41:10.953 [restartedMain] INFO  com.learn.LearnApplication - Starting LearnApplication using Java 1.8.0_282 on DESKTOP-I2EKN4T with PID 5036 (E:\Java\learn\target\classes started by wangxl in E:\Java\learn)
2021-07-18 10:41:10.956 [restartedMain] INFO  com.learn.LearnApplication - The following profiles are active: dev
2021-07-18 10:41:11.018 [restartedMain] INFO  o.s.boot.devtools.restart.ChangeableUrls - The Class-Path manifest attribute in E:\resource\xalan\xalan\2.7.2\xalan-2.7.2.jar referenced one or more files that do not exist: file:/E:/resource/xalan/xalan/2.7.2/xercesImpl.jar,file:/E:/resource/xalan/xalan/2.7.2/xml-apis.jar,file:/E:/resource/xalan/xalan/2.7.2/serializer.jar
2021-07-18 10:41:11.018 [restartedMain] INFO  o.s.boot.devtools.restart.ChangeableUrls - The Class-Path manifest attribute in E:\resource\xalan\serializer\2.7.2\serializer-2.7.2.jar referenced one or more files that do not exist: file:/E:/resource/xalan/serializer/2.7.2/xml-apis.jar
2021-07-18 10:41:13.114 [restartedMain] INFO  o.s.c.s.PostProcessorRegistrationDelegate$BeanPostProcessorChecker - Bean 'org.springframework.security.access.expression.method.DefaultMethodSecurityExpressionHandler@265a20c8' of type [org.springframework.security.access.expression.method.DefaultMethodSecurityExpressionHandler] is not eligible for getting processed by all BeanPostProcessors (for example: not eligible for auto-proxying)
2021-07-18 10:41:13.116 [restartedMain] INFO  o.s.c.s.PostProcessorRegistrationDelegate$BeanPostProcessorChecker - Bean 'methodSecurityConfig' of type [org.activiti.spring.boot.MethodSecurityConfig$$EnhancerBySpringCGLIB$$b601b4b9] is not eligible for getting processed by all BeanPostProcessors (for example: not eligible for auto-proxying)
2021-07-18 10:41:13.124 [restartedMain] INFO  o.s.c.s.PostProcessorRegistrationDelegate$BeanPostProcessorChecker - Bean 'methodSecurityMetadataSource' of type [org.springframework.security.access.method.DelegatingMethodSecurityMetadataSource] is not eligible for getting processed by all BeanPostProcessors (for example: not eligible for auto-proxying)
2021-07-18 10:41:13.404 [restartedMain] INFO  o.s.boot.web.embedded.tomcat.TomcatWebServer - Tomcat initialized with port(s): 8088 (http)
2021-07-18 10:41:13.414 [restartedMain] INFO  org.apache.coyote.http11.Http11NioProtocol - Initializing ProtocolHandler ["http-nio-8088"]
2021-07-18 10:41:13.415 [restartedMain] INFO  org.apache.catalina.core.StandardService - Starting service [Tomcat]
2021-07-18 10:41:13.415 [restartedMain] INFO  org.apache.catalina.core.StandardEngine - Starting Servlet engine: [Apache Tomcat/9.0.48]
2021-07-18 10:41:13.565 [restartedMain] INFO  o.a.c.core.ContainerBase.[Tomcat].[localhost].[/] - Initializing Spring embedded WebApplicationContext
2021-07-18 10:41:13.565 [restartedMain] INFO  o.s.b.w.s.c.ServletWebServerApplicationContext - Root WebApplicationContext: initialization completed in 2546 ms
2021-07-18 10:41:13.872 [restartedMain] INFO  c.a.d.s.b.a.DruidDataSourceAutoConfigure - Init DruidDataSource
2021-07-18 10:41:14.786 [restartedMain] INFO  com.alibaba.druid.pool.DruidDataSource - {dataSource-1} inited
2021-07-18 10:41:17.034 [restartedMain] INFO  o.s.b.a.s.s.UserDetailsServiceAutoConfiguration - 

Using generated security password: 7e2e4a51-781d-4856-9d93-b79e57a5bb22

2021-07-18 10:41:19.888 [restartedMain] INFO  o.a.spring.boot.ProcessDefinitionResourceFinder - The following process definition files will be deployed: [account.bpmn]
2021-07-18 10:41:21.058 [restartedMain] INFO  o.a.engine.impl.cfg.ProcessEngineConfigurationImpl - Found 1 Process Engine Configurators in total:
2021-07-18 10:41:21.059 [restartedMain] INFO  o.a.engine.impl.cfg.ProcessEngineConfigurationImpl - class org.activiti.spring.process.autoconfigure.ProcessExtensionsConfiguratorAutoConfiguration$$EnhancerBySpringCGLIB$$6fddc57 (priority:10000)
2021-07-18 10:41:21.059 [restartedMain] INFO  o.a.engine.impl.cfg.ProcessEngineConfigurationImpl - Executing beforeInit() of class org.activiti.spring.process.autoconfigure.ProcessExtensionsConfiguratorAutoConfiguration$$EnhancerBySpringCGLIB$$6fddc57 (priority:10000)
2021-07-18 10:41:21.647 [restartedMain] INFO  o.a.engine.impl.cfg.ProcessEngineConfigurationImpl - Executing configure() of class org.activiti.spring.process.autoconfigure.ProcessExtensionsConfiguratorAutoConfiguration$$EnhancerBySpringCGLIB$$6fddc57 (priority:10000)
2021-07-18 10:41:21.793 [restartedMain] INFO  com.alibaba.druid.pool.DruidDataSource - {dataSource-1} closing ...
2021-07-18 10:41:21.797 [restartedMain] INFO  com.alibaba.druid.pool.DruidDataSource - {dataSource-1} closed
2021-07-18 10:41:21.800 [restartedMain] INFO  org.apache.catalina.core.StandardService - Stopping service [Tomcat]
2021-07-18 10:41:21.816 [restartedMain] INFO  o.s.b.a.l.ConditionEvaluationReportLoggingListener - 

Error starting ApplicationContext. To display the conditions report re-run your application with 'debug' enabled.
